Log file open, 05/07/16 23:30:16
LogInit:Display: Running engine for game: ProjectWhiteRabbit
LogPlatformFile: Not using cached read wrapper
LogInit:Display: RandInit(-1681771677) SRandInit(-1681771676).
LogTaskGraph: Started task graph with 4 named threads and 7 total threads.
LogStats: Stats thread started at 0.070094
OCULUS: Info: [CAPI] LibOVR module is located at C:\Program Files\Oculus\Support\oculus-runtime\LibOVRRT64_1.dll
LogInit: Version: 4.11.2-2946394+++UE4+Release-4.11
LogInit: API Version: 2927265
LogInit: Compiled (64-bit): Apr 18 2016 02:18:46
LogInit: Compiled with Visual C++: 19.00.23026.00
LogInit: Build Configuration: Development
LogInit: Branch Name: ++UE4+Release-4.11
LogInit: Command line: -EpicPortal 
LogInit: Base directory: C:/Program Files/Unreal Engine/4.11/Engine/Binaries/Win64/
LogInit: Installed Engine Build: 1
LogInit: Using libcurl 7.41.0
LogInit:  - built for x86_64-pc-win32
LogInit:  - supports SSL with WinSSL
LogInit:  - other features:
LogInit:      CURL_VERSION_SSL
LogInit:      CURL_VERSION_IPV6
LogInit:      CURL_VERSION_ASYNCHDNS
LogInit:      CURL_VERSION_LARGEFILE
LogInit:      CURL_VERSION_IDN
LogInit:  CurlRequestOptions (configurable via config and command line):
LogInit:  - bVerifyPeer = true  - Libcurl will verify peer certificate
LogInit:  - bUseHttpProxy = false  - Libcurl will NOT use HTTP proxy
LogInit:  - bDontReuseConnections = false  - Libcurl will reuse connections
LogInit:  - CertBundlePath = nullptr  - Libcurl will use whatever was configured at build time.
LogInit: Presizing for max 16777216 objects, including 0 objects not considered by GC, pre-allocating 0 bytes for permanent pool.
LogInit: Object subsystem initialized
[2016.05.08-06.30.16:782][  0]LogInit: Selected Device Profile: [Windows]
[2016.05.08-06.30.16:782][  0]LogInit: Applying CVar settings loaded from the selected device profile: [Windows]
[2016.05.08-06.30.16:790][  0]LogInit: Computer: CYBERPAL
[2016.05.08-06.30.16:790][  0]LogInit: User: space000
[2016.05.08-06.30.16:790][  0]LogInit: CPU Page size=65536, Cores=4
[2016.05.08-06.30.16:790][  0]LogInit: High frequency timer resolution =3.316028 MHz
[2016.05.08-06.30.16:791][  0]LogMemory: Memory total: Physical=24.0GB (24GB approx)
[2016.05.08-06.30.16:791][  0]LogMemory: Platform Memory Stats for Windows
[2016.05.08-06.30.16:791][  0]LogMemory: Process Physical Memory: 314.75 MB used, 314.75 MB peak
[2016.05.08-06.30.16:791][  0]LogMemory: Process Virtual Memory: 318.32 MB used, 318.32 MB peak
[2016.05.08-06.30.16:791][  0]LogMemory: Physical Memory: 7939.24 MB used, 24536.94 MB total
[2016.05.08-06.30.16:791][  0]LogMemory: Virtual Memory: 677.03 MB used, 134217728.00 MB total
[2016.05.08-06.30.16:819][  0]LogTextLocalizationManager: No specific translations for ('en-US') exist, so ('en') translations will be used.
[2016.05.08-06.30.17:202][  0]LogD3D11RHI: D3D11 adapters:
[2016.05.08-06.30.17:224][  0]LogD3D11RHI:    0. 'NVIDIA GeForce GTX 980 Ti' (Feature Level 11_0)
[2016.05.08-06.30.17:224][  0]LogD3D11RHI:       5999MB of dedicated video memory, 0MB of dedicated system memory, and 12268MB of shared system memory, 2 output[s]
[2016.05.08-06.30.17:226][  0]LogD3D11RHI:    1. 'Microsoft Basic Render Driver' (Feature Level 11_0)
[2016.05.08-06.30.17:226][  0]LogD3D11RHI:       0MB of dedicated video memory, 0MB of dedicated system memory, and 256MB of shared system memory, 0 output[s]
[2016.05.08-06.30.17:226][  0]LogD3D11RHI: Chosen D3D11 Adapter: 0
[2016.05.08-06.30.17:230][  0]LogD3D11RHI: Creating new Direct3DDevice
[2016.05.08-06.30.17:231][  0]LogD3D11RHI:     Adapter Name: NVIDIA GeForce GTX 980 Ti
[2016.05.08-06.30.17:231][  0]LogD3D11RHI:   Driver Version: Unknown (internal Unknown)
[2016.05.08-06.30.17:231][  0]LogD3D11RHI:      Driver Date: Unknown
[2016.05.08-06.30.17:231][  0]LogRHI: Texture pool is 1361 MB (70% of 1945 MB)
[2016.05.08-06.30.17:241][  0]LogD3D11RHI: Async texture creation enabled
[2016.05.08-06.30.17:258][  0]LogShaderCompilers: Guid format shader working directory is 5 characters bigger than the processId version (../../../../../../GitHub/ProjectWhiteRabbit/Intermediate/Shaders/WorkingDirectory/15496/).
[2016.05.08-06.30.17:258][  0]LogShaderCompilers: Cleaned the shader compiler working directory 'C:/Users/SPACE_~1/AppData/Local/Temp/UnrealShaderWorkingDir/4FC64C6A4CC8BF71F2319894ABDE9A18/'.
[2016.05.08-06.30.17:258][  0]LogShaderCompilers:Display: Using Local Shader Compiler.
[2016.05.08-06.30.18:145][  0]LogTemp:Display: Loaded TP AllDesktopTargetPlatform
[2016.05.08-06.30.18:149][  0]LogTemp:Display: Loaded TP WindowsClientTargetPlatform
[2016.05.08-06.30.18:153][  0]LogTemp:Display: Loaded TP WindowsNoEditorTargetPlatform
[2016.05.08-06.30.18:156][  0]LogTemp:Display: Loaded TP WindowsServerTargetPlatform
[2016.05.08-06.30.18:160][  0]LogTemp:Display: Loaded TP WindowsTargetPlatform
[2016.05.08-06.30.18:163][  0]LogTemp:Display: Loaded TP AndroidTargetPlatform
[2016.05.08-06.30.18:165][  0]LogTemp:Display: Loaded TP Android_ASTCTargetPlatform
[2016.05.08-06.30.18:167][  0]LogTemp:Display: Loaded TP Android_ATCTargetPlatform
[2016.05.08-06.30.18:170][  0]LogTemp:Display: Loaded TP Android_DXTTargetPlatform
[2016.05.08-06.30.18:172][  0]LogTemp:Display: Loaded TP Android_ETC1TargetPlatform
[2016.05.08-06.30.18:175][  0]LogTemp:Display: Loaded TP Android_ETC2TargetPlatform
[2016.05.08-06.30.18:181][  0]LogTemp:Display: Loaded TP Android_MultiTargetPlatform
[2016.05.08-06.30.18:181][  0]LogTemp:Display: Loaded TP Android_PVRTCTargetPlatform
[2016.05.08-06.30.18:182][  0]LogTemp:Display: Loaded TP HTML5TargetPlatform
[2016.05.08-06.30.18:198][  0]LogTemp:Display: Loaded TP IOSTargetPlatform
[2016.05.08-06.30.18:200][  0]LogTemp:Display: Loaded TP TVOSTargetPlatform
[2016.05.08-06.30.18:203][  0]LogTemp:Display: Loaded TP LinuxNoEditorTargetPlatform
[2016.05.08-06.30.18:205][  0]LogTemp:Display: Loaded TP LinuxServerTargetPlatform
[2016.05.08-06.30.18:208][  0]LogTemp:Display: Loaded TP LinuxTargetPlatform
[2016.05.08-06.30.18:208][  0]LogTargetPlatformManager:Display: Building Assets For Windows
[2016.05.08-06.30.18:265][  0]LogDerivedDataCache:Display: Max Cache Size: 512 MB
[2016.05.08-06.30.18:318][  0]LogDerivedDataCache: Loaded boot cache 0.05s 55MB C:/Users/space_000/AppData/Local/UnrealEngine/4.11/DerivedDataCache/Boot.ddc.
[2016.05.08-06.30.18:318][  0]LogDerivedDataCache:Display: Loaded Boot cache: C:/Users/space_000/AppData/Local/UnrealEngine/4.11/DerivedDataCache/Boot.ddc
[2016.05.08-06.30.18:318][  0]LogDerivedDataCache: FDerivedDataBackendGraph:  Pak pak cache file ../../../../../../GitHub/ProjectWhiteRabbit/DerivedDataCache/DDC.ddp not found, will not use a pak cache.
[2016.05.08-06.30.18:318][  0]LogDerivedDataCache: Unable to find inner node Pak for hierarchical cache Hierarchy.
[2016.05.08-06.30.18:318][  0]LogDerivedDataCache: FDerivedDataBackendGraph:  CompressedPak pak cache file ../../../../../../GitHub/ProjectWhiteRabbit/DerivedDataCache/Compressed.ddp not found, will not use a pak cache.
[2016.05.08-06.30.18:318][  0]LogDerivedDataCache: Unable to find inner node CompressedPak for hierarchical cache Hierarchy.
[2016.05.08-06.30.18:332][  0]LogDerivedDataCache:Display: Pak cache opened for reading ../../../Engine/DerivedDataCache/Compressed.ddp.
[2016.05.08-06.30.18:344][  0]LogDerivedDataCache: Using Local data cache path C:/Users/space_000/AppData/Local/UnrealEngine/Common/DerivedDataCache: Writable
[2016.05.08-06.30.18:499][  0]LogInit: Selected Device Profile: [Windows]
[2016.05.08-06.30.18:499][  0]LogContentStreaming: Texture pool size is 0.00 MB
[2016.05.08-06.30.18:531][  0]LogMaterial: Uniform references updated for custom material expression Custom.
[2016.05.08-06.30.18:645][  0]LogMeshUtilities: No automatic mesh reduction module available
[2016.05.08-06.30.18:645][  0]LogMeshUtilities: No automatic mesh merging module available
[2016.05.08-06.30.18:645][  0]LogMeshUtilities: No distributed automatic mesh merging module available
[2016.05.08-06.30.18:857][  0]LogUObjectArray: 27679 objects as part of root set at end of initial load.
[2016.05.08-06.30.18:857][  0]LogUObjectAllocator: 5591600 out of 0 bytes used by permanent object pool.
[2016.05.08-06.30.18:857][  0]LogUObjectArray: CloseDisregardForGC: 0/0 objects in disregard for GC pool
[2016.05.08-06.30.18:862][  0]LogInit: WinSock: version 1.1 (2.2), MaxSocks=32767, MaxUdp=65467
[2016.05.08-06.30.18:935][  0]LogSlate: SlateFontCache - WITH_FREETYPE: 1, WITH_HARFBUZZ: 1
[2016.05.08-06.30.18:935][  0]LogSlate: SlateFontCache - WITH_FREETYPE: 1, WITH_HARFBUZZ: 1
[2016.05.08-06.30.19:020][  0]LogStreaming:Warning: Failed to read file '../../../Engine/Content/Editor/Slate/Common/Selection_16x.png' error.
[2016.05.08-06.30.19:020][  0]LogSlate: Could not find file for Slate resource: ../../../Engine/Content/Editor/Slate/Common/Selection_16x.png
[2016.05.08-06.30.19:020][  0]LogStreaming:Warning: Failed to read file '../../../Engine/Content/Editor/Slate/Common/Selection_16x.png' error.
[2016.05.08-06.30.19:020][  0]LogSlate: Could not find file for Slate resource: ../../../Engine/Content/Editor/Slate/Common/Selection_16x.png
[2016.05.08-06.30.19:020][  0]LogStreaming:Warning: Failed to read file '../../../Engine/Content/Editor/Slate/Common/Selection_16x.png' error.
[2016.05.08-06.30.19:020][  0]LogSlate: Could not find file for Slate resource: ../../../Engine/Content/Editor/Slate/Common/Selection_16x.png
[2016.05.08-06.30.19:558][  0]LogUdpMessaging: Initializing bridge on interface 0.0.0.0:0 to multicast group 230.0.0.1:6666.
[2016.05.08-06.30.19:659][  0]LogAssetRegistry: FAssetRegistry took 0.0224 seconds to start up
[2016.05.08-06.30.19:767][  0]SourceControl: Info Source control is disabled
[2016.05.08-06.30.19:791][  0]SourceControl: Info Source control is disabled
[2016.05.08-06.30.19:796][  0]SourceControl: Info Source control is disabled
[2016.05.08-06.30.19:801][  0]SourceControl: Info Source control is disabled
[2016.05.08-06.30.20:090][  0]LogHMD: Failed to initialize OpenVR with code 108
[2016.05.08-06.30.20:165][  0]OCULUS: Info: [HMDState] Requested to SetForegroundWindow(23039all)
[2016.05.08-06.30.20:165][  0]LogEngine: Initializing Engine...
[2016.05.08-06.30.20:165][  0]LogHMD: Oculus plugin initialized. Version: 4.11.2-2946394+++UE4+Release-4.11, LibOVR: 1.3.2, SDK: 1.3.0, built Apr 18 2016, 02:19:44
[2016.05.08-06.30.20:304][  0]LogAIModule: Creating AISystem for world NewWorld
[2016.05.08-06.30.20:310][  0]LogInit: XAudio2 using 'S27B550-0 (2- NVIDIA High Definition Audio)' : 2 channels at 48 kHz using 16 bits per sample (channel mask 0x3)
[2016.05.08-06.30.20:316][  0]LogInit: FAudioDevice initialized.
[2016.05.08-06.30.20:351][  0]LogDerivedDataCache: Saved boot cache 0.03s 55MB C:/Users/space_000/AppData/Local/UnrealEngine/4.11/DerivedDataCache/Boot.ddc.
[2016.05.08-06.30.20:360][  0]LogInit: Texture streaming: Enabled
[2016.05.08-06.30.20:385][  0]LogInit: Transaction tracking system initialized
[2016.05.08-06.30.20:402][  0]BlueprintLog: New page: Editor Load
[2016.05.08-06.30.20:848][  0]LogInit:Warning: CVar named 'r.MobileHDR' marked up in RendererSettings was not found or is set to read-only
[2016.05.08-06.30.21:756][  0]LocalizationService: Info Localization service is disabled
[2016.05.08-06.30.21:854][  0]LogConsoleResponse:Display: 
[2016.05.08-06.30.21:945][  0]LogFileCache: Scanning file cache for directory 'C:/GitHub/ProjectWhiteRabbit/Content/' took 0.01s
[2016.05.08-06.30.21:945][  0]LogCook:Display: Max memory allowance for cook 8192mb
[2016.05.08-06.30.21:945][  0]LogCook:Display: Mobile HDR setting 1
[2016.05.08-06.30.21:945][  0]LogCook:Display: Done creating registry. It took  0.00s.
[2016.05.08-06.30.21:990][  0]SourceControl: Info Source control is disabled
[2016.05.08-06.30.21:990][  0]Cmd: MAP LOAD FILE="../../../Engine/Content/Maps/Templates/Template_Default.umap" TEMPLATE=1 SHOWPROGRESS=1 FEATURELEVEL=3
[2016.05.08-06.30.21:990][  0]LightingResults: New page: Lighting Build
[2016.05.08-06.30.21:992][  0]MapCheck: New page: Map Check
[2016.05.08-06.30.21:992][  0]LightingResults: New page: Lighting Build
[2016.05.08-06.30.22:237][  0]LogAIModule: Creating AISystem for world Untitled_1
[2016.05.08-06.30.22:241][  0]LogEditorServer: Finished looking for orphan Actors (0.000 secs)
[2016.05.08-06.30.22:245][  0]Cmd: MAP CHECKDEP NOCLEARLOG
[2016.05.08-06.30.22:277][  0]MapCheck: Info Map check complete: 0 Error(s), 0 Warning(s), took 32.457ms to complete.
[2016.05.08-06.30.22:277][  0]LogFileHelpers: Loading map 'Template_Default' took 0.288
[2016.05.08-06.30.22:914][  0]LogCollectionManager: Loaded 0 collections in 0.001185 seconds
[2016.05.08-06.30.22:959][  0]LogFileCache: Scanning file cache for directory 'C:/GitHub/ProjectWhiteRabbit/Saved/Collections/' took 0.01s
[2016.05.08-06.30.22:959][  0]LogFileCache: Scanning file cache for directory 'C:/GitHub/ProjectWhiteRabbit/Content/Developers/space000/Collections/' took 0.01s
[2016.05.08-06.30.22:959][  0]LogFileCache: Scanning file cache for directory 'C:/GitHub/ProjectWhiteRabbit/Content/Collections/' took 0.01s
[2016.05.08-06.30.22:959][  0]LogCollectionManager: Rebuilt the GUID cache for 0 collections in 0.000003 seconds
[2016.05.08-06.30.22:966][  0]LogContentBrowser: Native class hierarchy populated in 0.0073 seconds. Added 1979 classes and 343 folders.
[2016.05.08-06.30.22:969][  0]LogStats: UGameplayTagsManager::ConstructGameplayTagTree: Construct from data asset -  0.000 s
[2016.05.08-06.30.22:969][  0]LogStats: UGameplayTagsManager::ConstructGameplayTagTree: GameplayTagTreeChangedEvent.Broadcast -  0.000 s
[2016.05.08-06.30.22:970][  0]LogContentBrowser: Native class hierarchy updated for 'GameplayTags' in 0.0003 seconds. Added 12 classes and 0 folders.
[2016.05.08-06.30.22:973][  0]LogContentBrowser: Native class hierarchy updated for 'WidgetCarousel' in 0.0002 seconds. Added 0 classes and 0 folders.
[2016.05.08-06.30.23:089][  0]LogContentBrowser: Native class hierarchy updated for 'SuperSearch' in 0.0003 seconds. Added 1 classes and 2 folders.
[2016.05.08-06.30.29:400][  0]LogContentBrowser: Native class hierarchy updated for 'AddContentDialog' in 0.0004 seconds. Added 0 classes and 0 folders.
[2016.05.08-06.30.29:403][  0]LogContentBrowser: Native class hierarchy updated for 'SceneOutliner' in 0.0003 seconds. Added 1 classes and 2 folders.
[2016.05.08-06.30.30:255][  0]LogCrashTracker: Crashtracker disabled due to settings.
[2016.05.08-06.30.30:259][  0]LogUObjectGlobals:Warning: Failed to find object 'Class None.'
[2016.05.08-06.30.30:284][  0]LogContentBrowser: Native class hierarchy updated for 'HierarchicalLODOutliner' in 0.0003 seconds. Added 1 classes and 2 folders.
[2016.05.08-06.30.30:285][  0]LogLoad: Full Startup: 14.61 seconds (BP compile: 0.03 seconds)
[2016.05.08-06.30.30:285][  0]LogExternalProfiler: Found external profiler: VSPerf
[2016.05.08-06.30.30:285][  0]LogExternalProfiler: Using external profiler: VSPerf
[2016.05.08-06.30.30:294][  0]LogWindowsTextInputMethodSystem:Display: IME system now deactivated.
[2016.05.08-06.30.30:294][  0]LogWindowsTextInputMethodSystem:Display: IME system now deactivated.
[2016.05.08-06.30.30:294][  0]LogOcInput: OculusInput pre-init called
[2016.05.08-06.30.30:302][  0]LogOcInput: OculusInput is initialized. Init status 0. Runtime version: 1.3.2
[2016.05.08-06.30.31:202][  0]LogContentStreaming: Texture pool size now 1000 MB
[2016.05.08-06.30.31:758][  0]LogRenderer: Reallocating scene render targets to support 1208x576 (Frame:2).
[2016.05.08-06.30.45:530][592]LogAssetRegistry: Asset discovery search completed in 25.8943 seconds
[2016.05.08-06.30.45:530][592]LogCollectionManager: Rebuilt the object cache for 0 collections in 0.000010 seconds (found 0 objects)
[2016.05.08-06.30.45:530][592]LogCollectionManager: Fixed up redirectors for 0 collections in 0.000036 seconds (updated 0 objects)
[2016.05.08-06.32.23:530][715]LogContentBrowser: Native class hierarchy updated for 'WorldBrowser' in 0.0004 seconds. Added 1 classes and 3 folders.
[2016.05.08-06.33.44:859][231]Cmd: OBJ SAVEPACKAGE PACKAGE="/Game/Maps/Design" FILE="../../../../../../GitHub/ProjectWhiteRabbit/Content/Maps/Design.umap" SILENT=true AUTOSAVING=false KEEPDIRTY=false
[2016.05.08-06.33.44:902][231]LogSavePackage: Save=9.58ms
[2016.05.08-06.33.44:902][231]LogSavePackage: Moving '../../../../../../GitHub/ProjectWhiteRabbit/Saved/DesignB4398B354302DED6ECB80DB6A2F6787E.tmp' to '../../../../../../GitHub/ProjectWhiteRabbit/Content/Maps/Design.umap'
[2016.05.08-06.33.44:903][231]LogSavePackage: Total save time: 10.72ms
[2016.05.08-06.33.44:903][231]LogSavePackage:Display: Finished SavePackage ../../../../../../GitHub/ProjectWhiteRabbit/Content/Maps/Design.umap
[2016.05.08-06.33.44:912][231]LogFileHelpers: Saving map 'Design' took 1.101
[2016.05.08-06.34.38:377][564]Cmd: OBJ SAVEPACKAGE PACKAGE="/Game/Maps/World" FILE="../../../../../../GitHub/ProjectWhiteRabbit/Content/Maps/World.umap" SILENT=true AUTOSAVING=false KEEPDIRTY=false
[2016.05.08-06.34.38:397][564]LogSavePackage: Save=9.51ms
[2016.05.08-06.34.38:397][564]LogSavePackage: Moving '../../../../../../GitHub/ProjectWhiteRabbit/Saved/World04FAD74D419786278172FDA96EC12266.tmp' to '../../../../../../GitHub/ProjectWhiteRabbit/Content/Maps/World.umap'
[2016.05.08-06.34.38:398][564]LogSavePackage: Total save time: 10.56ms
[2016.05.08-06.34.38:398][564]LogSavePackage:Display: Finished SavePackage ../../../../../../GitHub/ProjectWhiteRabbit/Content/Maps/World.umap
[2016.05.08-06.34.38:401][564]LogFileHelpers: Saving map 'World' took 0.110
[2016.05.08-06.36.42:845][163]Cmd: OBJ SAVEPACKAGE PACKAGE="/Game/Maps/Chucks_Work_Bench" FILE="../../../../../../GitHub/ProjectWhiteRabbit/Content/Maps/Chucks_Work_Bench.umap" SILENT=true AUTOSAVING=false KEEPDIRTY=false
[2016.05.08-06.36.42:866][163]LogSavePackage: Save=9.61ms
[2016.05.08-06.36.42:866][163]LogSavePackage: Moving '../../../../../../GitHub/ProjectWhiteRabbit/Saved/Chucks_Work_BenchC11756EE4F305BABA84EB69307C3179D.tmp' to '../../../../../../GitHub/ProjectWhiteRabbit/Content/Maps/Chucks_Work_Bench.umap'
[2016.05.08-06.36.42:867][163]LogSavePackage: Total save time: 10.63ms
[2016.05.08-06.36.42:867][163]LogSavePackage:Display: Finished SavePackage ../../../../../../GitHub/ProjectWhiteRabbit/Content/Maps/Chucks_Work_Bench.umap
[2016.05.08-06.36.42:871][163]LogFileHelpers: Saving map 'Chucks_Work_Bench' took 0.107
[2016.05.08-06.37.01:376][348]Cmd: OBJ SAVEPACKAGE PACKAGE="/Game/Maps/Chris_Work_Bench" FILE="../../../../../../GitHub/ProjectWhiteRabbit/Content/Maps/Chris_Work_Bench.umap" SILENT=true AUTOSAVING=false KEEPDIRTY=false
[2016.05.08-06.37.01:396][348]LogSavePackage: Save=9.13ms
[2016.05.08-06.37.01:396][348]LogSavePackage: Moving '../../../../../../GitHub/ProjectWhiteRabbit/Saved/Chris_Work_Bench78D888FE4A9F0C8786CEC891712AED32.tmp' to '../../../../../../GitHub/ProjectWhiteRabbit/Content/Maps/Chris_Work_Bench.umap'
[2016.05.08-06.37.01:397][348]LogSavePackage: Total save time: 10.11ms
[2016.05.08-06.37.01:397][348]LogSavePackage:Display: Finished SavePackage ../../../../../../GitHub/ProjectWhiteRabbit/Content/Maps/Chris_Work_Bench.umap
[2016.05.08-06.37.01:400][348]LogFileHelpers: Saving map 'Chris_Work_Bench' took 0.093
[2016.05.08-06.38.09:035][945]Cmd: OBJ SAVEPACKAGE PACKAGE="/Game/Maps/Design" FILE="../../../../../../GitHub/ProjectWhiteRabbit/Content/Maps/Design.umap" SILENT=true AUTOSAVING=false KEEPDIRTY=false
[2016.05.08-06.38.09:054][945]LogSavePackage: Save=8.68ms
[2016.05.08-06.38.09:054][945]LogSavePackage: Moving '../../../../../../GitHub/ProjectWhiteRabbit/Saved/DesignF866C2374903605C02991E99BBF03877.tmp' to '../../../../../../GitHub/ProjectWhiteRabbit/Content/Maps/Design.umap'
[2016.05.08-06.38.09:055][945]LogSavePackage: Total save time: 11.54ms
[2016.05.08-06.38.09:055][945]LogSavePackage:Display: Finished SavePackage ../../../../../../GitHub/ProjectWhiteRabbit/Content/Maps/Design.umap
[2016.05.08-06.38.09:586][  6]Cmd: OBJ SAVEPACKAGE PACKAGE="/Game/Maps/World" FILE="../../../../../../GitHub/ProjectWhiteRabbit/Content/Maps/World.umap" SILENT=true AUTOSAVING=false KEEPDIRTY=false
[2016.05.08-06.38.09:606][  6]LogSavePackage: Save=8.88ms
[2016.05.08-06.38.09:606][  6]LogSavePackage: Moving '../../../../../../GitHub/ProjectWhiteRabbit/Saved/World2B8311014B79FB52B5361385C340AF83.tmp' to '../../../../../../GitHub/ProjectWhiteRabbit/Content/Maps/World.umap'
[2016.05.08-06.38.09:607][  6]LogSavePackage: Total save time: 11.82ms
[2016.05.08-06.38.09:607][  6]LogSavePackage:Display: Finished SavePackage ../../../../../../GitHub/ProjectWhiteRabbit/Content/Maps/World.umap
[2016.05.08-06.38.31:002][253]LogActorFactory: Actor Factory created Cube
[2016.05.08-06.38.31:756][328]LogActorFactory: Actor Factory created Cube
[2016.05.08-06.38.44:406][806]LogActorFactory: Actor Factory created Cylinder
[2016.05.08-06.38.45:072][885]LogActorFactory: Actor Factory created Cylinder
[2016.05.08-06.38.51:162][608]LogActorFactory: Actor Factory created Sphere
[2016.05.08-06.38.52:051][712]LogActorFactory: Actor Factory created Sphere
[2016.05.08-06.38.55:870][165]LogEditorViewport: Clicking on Actor (LMB): Actor (Actor)
[2016.05.08-06.38.56:857][281]Cmd: DELETE
[2016.05.08-06.38.56:857][281]Cmd: ACTOR DELETE
[2016.05.08-06.38.56:864][281]LogEditorActor: Deleted Actor: Actor
[2016.05.08-06.38.56:871][281]LogEditorActor: Deleted 1 Actors (0.014 secs)
[2016.05.08-06.39.01:138][792]LogActorFactory: Actor Factory created Cone
[2016.05.08-06.39.02:337][935]LogActorFactory: Actor Factory created Cone
[2016.05.08-06.39.10:503][904]Cmd: OBJ SAVEPACKAGE PACKAGE="/Game/Maps/Design" FILE="../../../../../../GitHub/ProjectWhiteRabbit/Content/Maps/Design.umap" SILENT=true AUTOSAVING=false KEEPDIRTY=false
[2016.05.08-06.39.10:523][904]LogSavePackage: Save=10.48ms
[2016.05.08-06.39.10:523][904]LogSavePackage: Moving '../../../../../../GitHub/ProjectWhiteRabbit/Saved/Design3D780A434034EEEFA91DEE8C86049B45.tmp' to '../../../../../../GitHub/ProjectWhiteRabbit/Content/Maps/Design.umap'
[2016.05.08-06.39.10:526][904]LogSavePackage: Total save time: 14.63ms
[2016.05.08-06.39.10:526][904]LogSavePackage:Display: Finished SavePackage ../../../../../../GitHub/ProjectWhiteRabbit/Content/Maps/Design.umap
[2016.05.08-06.39.11:102][969]Cmd: OBJ SAVEPACKAGE PACKAGE="/Game/Maps/World" FILE="../../../../../../GitHub/ProjectWhiteRabbit/Content/Maps/World.umap" SILENT=true AUTOSAVING=false KEEPDIRTY=false
[2016.05.08-06.39.11:120][969]LogSavePackage: Save=9.83ms
[2016.05.08-06.39.11:120][969]LogSavePackage: Moving '../../../../../../GitHub/ProjectWhiteRabbit/Saved/World6873C5EA422BEF18EBCD519C44FB4409.tmp' to '../../../../../../GitHub/ProjectWhiteRabbit/Content/Maps/World.umap'
[2016.05.08-06.39.11:122][969]LogSavePackage: Total save time: 12.39ms
[2016.05.08-06.39.11:122][969]LogSavePackage:Display: Finished SavePackage ../../../../../../GitHub/ProjectWhiteRabbit/Content/Maps/World.umap
[2016.05.08-06.39.11:604][ 24]Cmd: OBJ SAVEPACKAGE PACKAGE="/Game/Maps/Chucks_Work_Bench" FILE="../../../../../../GitHub/ProjectWhiteRabbit/Content/Maps/Chucks_Work_Bench.umap" SILENT=true AUTOSAVING=false KEEPDIRTY=false
[2016.05.08-06.39.11:625][ 24]LogSavePackage: Save=9.70ms
[2016.05.08-06.39.11:625][ 24]LogSavePackage: Moving '../../../../../../GitHub/ProjectWhiteRabbit/Saved/Chucks_Work_Bench2C7525EF4B11947EA993A39EE375CFBC.tmp' to '../../../../../../GitHub/ProjectWhiteRabbit/Content/Maps/Chucks_Work_Bench.umap'
[2016.05.08-06.39.11:627][ 24]LogSavePackage: Total save time: 13.69ms
[2016.05.08-06.39.11:627][ 24]LogSavePackage:Display: Finished SavePackage ../../../../../../GitHub/ProjectWhiteRabbit/Content/Maps/Chucks_Work_Bench.umap
[2016.05.08-06.39.12:219][ 93]Cmd: OBJ SAVEPACKAGE PACKAGE="/Game/Maps/Chris_Work_Bench" FILE="../../../../../../GitHub/ProjectWhiteRabbit/Content/Maps/Chris_Work_Bench.umap" SILENT=true AUTOSAVING=false KEEPDIRTY=false
[2016.05.08-06.39.12:240][ 93]LogSavePackage: Save=9.94ms
[2016.05.08-06.39.12:240][ 93]LogSavePackage: Moving '../../../../../../GitHub/ProjectWhiteRabbit/Saved/Chris_Work_Bench0F72534143048A3CB81104B99D3DC6DE.tmp' to '../../../../../../GitHub/ProjectWhiteRabbit/Content/Maps/Chris_Work_Bench.umap'
[2016.05.08-06.39.12:242][ 93]LogSavePackage: Total save time: 13.70ms
[2016.05.08-06.39.12:242][ 93]LogSavePackage:Display: Finished SavePackage ../../../../../../GitHub/ProjectWhiteRabbit/Content/Maps/Chris_Work_Bench.umap
[2016.05.08-06.41.53:587][562]Cmd: OBJ SAVEPACKAGE PACKAGE="/Game/Maps/Persistent_Level" FILE="../../../../../../GitHub/ProjectWhiteRabbit/Content/Maps/Persistent_Level.umap" SILENT=true AUTOSAVING=false KEEPDIRTY=false
[2016.05.08-06.41.53:651][562]LogSavePackage: Save=55.20ms
[2016.05.08-06.41.53:651][562]LogSavePackage: Moving '../../../../../../GitHub/ProjectWhiteRabbit/Saved/Persistent_LevelCE0D691D47CDF362FB4F36BFE27237AD.tmp' to '../../../../../../GitHub/ProjectWhiteRabbit/Content/Maps/Persistent_Level.umap'
[2016.05.08-06.41.53:653][562]LogSavePackage: Total save time: 57.60ms
[2016.05.08-06.41.53:653][562]LogSavePackage:Display: Finished SavePackage ../../../../../../GitHub/ProjectWhiteRabbit/Content/Maps/Persistent_Level.umap
[2016.05.08-06.41.53:733][562]LogFileHelpers: Saving map 'Persistent_Level' took 0.230
[2016.05.08-06.41.56:255][849]Cmd: OBJ SAVEPACKAGE PACKAGE="/Game/Maps/Persistent_Level" FILE="../../../../../../GitHub/ProjectWhiteRabbit/Content/Maps/Persistent_Level.umap" SILENT=true AUTOSAVING=false KEEPDIRTY=false
[2016.05.08-06.41.56:291][849]LogSavePackage: Save=23.77ms
[2016.05.08-06.41.56:291][849]LogSavePackage: Moving '../../../../../../GitHub/ProjectWhiteRabbit/Saved/Persistent_LevelB553DAE641FBE850C5ADEA9519587D24.tmp' to '../../../../../../GitHub/ProjectWhiteRabbit/Content/Maps/Persistent_Level.umap'
[2016.05.08-06.41.56:293][849]LogSavePackage: Total save time: 29.43ms
[2016.05.08-06.41.56:293][849]LogSavePackage:Display: Finished SavePackage ../../../../../../GitHub/ProjectWhiteRabbit/Content/Maps/Persistent_Level.umap
[2016.05.08-06.42.08:654][292]Cmd: OBJ SAVEPACKAGE PACKAGE="/Game/Maps/Persistent_Level" FILE="../../../../../../GitHub/ProjectWhiteRabbit/Content/Maps/Persistent_Level.umap" SILENT=true AUTOSAVING=false KEEPDIRTY=false
[2016.05.08-06.42.08:689][292]LogSavePackage: Save=25.32ms
[2016.05.08-06.42.08:689][292]LogSavePackage: Moving '../../../../../../GitHub/ProjectWhiteRabbit/Saved/Persistent_LevelCC167E39426AE808A5A94FA83D39B11E.tmp' to '../../../../../../GitHub/ProjectWhiteRabbit/Content/Maps/Persistent_Level.umap'
[2016.05.08-06.42.08:691][292]LogSavePackage: Total save time: 28.35ms
[2016.05.08-06.42.08:691][292]LogSavePackage:Display: Finished SavePackage ../../../../../../GitHub/ProjectWhiteRabbit/Content/Maps/Persistent_Level.umap
[2016.05.08-06.42.15:434][ 87]LogWindowsTextInputMethodSystem:Display: IME system now deactivated.
[2016.05.08-06.42.15:434][ 87]LogWindowsTextInputMethodSystem:Display: IME system now deactivated.
[2016.05.08-06.42.15:633][ 88]Cmd: QUIT_EDITOR
[2016.05.08-06.42.15:780][ 88]LogExit: Preparing to exit.
[2016.05.08-06.42.16:364][ 88]LogExit: Editor shut down
[2016.05.08-06.42.16:364][ 88]LogExit: Transaction tracking system shut down
[2016.05.08-06.42.16:471][ 88]LogObj: Freed 0b from 0 cluster array pools.
[2016.05.08-06.42.16:471][ 88]LogExit: Object subsystem successfully closed.
[2016.05.08-06.42.16:483][ 88]LogD3D11RHI: Shutdown
[2016.05.08-06.42.16:483][ 88]LogD3D11RHI: CleanupD3DDevice
[2016.05.08-06.42.16:527][ 88]LogD3D11RHI: ~FD3D11DynamicRHI
[2016.05.08-06.42.16:579][ 88]LogDerivedDataCache: Shutdown
[2016.05.08-06.42.16:579][ 88]LogModuleManager: Shutting down and abandoning module WorldBrowser (205)
[2016.05.08-06.42.16:580][ 88]LogModuleManager: Shutting down and abandoning module HierarchicalLODOutliner (204)
[2016.05.08-06.42.16:580][ 88]LogModuleManager: Shutting down and abandoning module CrashTracker (203)
[2016.05.08-06.42.16:580][ 88]LogModuleManager: Shutting down and abandoning module SceneOutliner (202)
[2016.05.08-06.42.16:580][ 88]LogModuleManager: Shutting down and abandoning module SuperSearch (201)
[2016.05.08-06.42.16:580][ 88]LogModuleManager: Shutting down and abandoning module WidgetCarousel (200)
[2016.05.08-06.42.16:580][ 88]LogModuleManager: Shutting down and abandoning module AddContentDialog (199)
[2016.05.08-06.42.16:582][ 88]LogModuleManager: Shutting down and abandoning module GameplayTags (198)
[2016.05.08-06.42.16:582][ 88]LogModuleManager: Shutting down and abandoning module EditorWidgets (197)
[2016.05.08-06.42.16:582][ 88]LogModuleManager: Shutting down and abandoning module CollectionManager (196)
[2016.05.08-06.42.16:582][ 88]LogModuleManager: Shutting down and abandoning module StatsViewer (195)
[2016.05.08-06.42.16:582][ 88]LogModuleManager: Shutting down and abandoning module FoliageEdit (194)
[2016.05.08-06.42.16:582][ 88]LogModuleManager: Shutting down and abandoning module LandscapeEditor (193)
[2016.05.08-06.42.16:582][ 88]LogModuleManager: Shutting down and abandoning module ActorPickerMode (192)
[2016.05.08-06.42.16:582][ 88]LogModuleManager: Shutting down and abandoning module GeometryMode (191)
[2016.05.08-06.42.16:582][ 88]LogModuleManager: Shutting down and abandoning module TextureAlignMode (190)
[2016.05.08-06.42.16:582][ 88]LogModuleManager: Shutting down and abandoning module BspMode (189)
[2016.05.08-06.42.16:582][ 88]LogModuleManager: Shutting down and abandoning module PlacementMode (188)
[2016.05.08-06.42.16:582][ 88]LogModuleManager: Shutting down and abandoning module AutomationWorker (187)
[2016.05.08-06.42.16:582][ 88]LogModuleManager: Shutting down and abandoning module CharacterAI (186)
[2016.05.08-06.42.16:582][ 88]LogModuleManager: Shutting down and abandoning module SmartSnapping (185)
[2016.05.08-06.42.16:582][ 88]LogModuleManager: Shutting down and abandoning module ViewportSnapping (184)
[2016.05.08-06.42.16:582][ 88]LogModuleManager: Shutting down and abandoning module LogVisualizer (183)
[2016.05.08-06.42.16:582][ 88]LogModuleManager: Shutting down and abandoning module GameProjectGeneration (182)
[2016.05.08-06.42.16:582][ 88]LogModuleManager: Shutting down and abandoning module IntroTutorials (181)
[2016.05.08-06.42.16:583][ 88]LogModuleManager: Shutting down and abandoning module EditorLiveStreaming (180)
[2016.05.08-06.42.16:583][ 88]LogModuleManager: Shutting down and abandoning module IOSPlatformEditor (179)
[2016.05.08-06.42.16:583][ 88]LogModuleManager: Shutting down and abandoning module HTML5PlatformEditor (178)
[2016.05.08-06.42.16:583][ 88]LogModuleManager: Shutting down and abandoning module AndroidDeviceDetection (177)
[2016.05.08-06.42.17:467][ 88]LogModuleManager: Shutting down and abandoning module AndroidPlatformEditor (176)
[2016.05.08-06.42.17:467][ 88]LogModuleManager: Shutting down and abandoning module IOSRuntimeSettings (175)
[2016.05.08-06.42.17:467][ 88]LogModuleManager: Shutting down and abandoning module AndroidRuntimeSettings (174)
[2016.05.08-06.42.17:467][ 88]LogModuleManager: Shutting down and abandoning module MergeActors (173)
[2016.05.08-06.42.17:467][ 88]LogModuleManager: Shutting down and abandoning module SizeMap (172)
[2016.05.08-06.42.17:467][ 88]LogModuleManager: Shutting down and abandoning module TreeMap (171)
[2016.05.08-06.42.17:467][ 88]LogModuleManager: Shutting down and abandoning module ReferenceViewer (170)
[2016.05.08-06.42.17:467][ 88]LogModuleManager: Shutting down and abandoning module LocalizationService (169)
[2016.05.08-06.42.17:467][ 88]LogModuleManager: Shutting down and abandoning module LocalizationDashboard (168)
[2016.05.08-06.42.17:467][ 88]LogModuleManager: Shutting down and abandoning module HardwareTargeting (167)
[2016.05.08-06.42.17:467][ 88]LogModuleManager: Shutting down and abandoning module DeviceProfileEditor (166)
[2016.05.08-06.42.17:467][ 88]LogModuleManager: Shutting down and abandoning module UndoHistory (165)
[2016.05.08-06.42.17:467][ 88]LogModuleManager: Shutting down and abandoning module UserFeedback (164)
[2016.05.08-06.42.17:468][ 88]LogModuleManager: Shutting down and abandoning module XmlParser (163)
[2016.05.08-06.42.17:468][ 88]LogModuleManager: Shutting down and abandoning module Blutility (162)
[2016.05.08-06.42.17:468][ 88]LogModuleManager: Shutting down and abandoning module ProjectTargetPlatformEditor (161)
[2016.05.08-06.42.17:468][ 88]LogModuleManager: Shutting down and abandoning module ProjectSettingsViewer (160)
[2016.05.08-06.42.17:468][ 88]LogModuleManager: Shutting down and abandoning module InputBindingEditor (159)
[2016.05.08-06.42.17:468][ 88]LogModuleManager: Shutting down and abandoning module EditorSettingsViewer (158)
[2016.05.08-06.42.17:468][ 88]LogModuleManager: Shutting down and abandoning module SettingsEditor (157)
[2016.05.08-06.42.17:468][ 88]LogModuleManager: Shutting down and abandoning module ProjectLauncher (156)
[2016.05.08-06.42.17:468][ 88]LogModuleManager: Shutting down and abandoning module SessionFrontend (155)
[2016.05.08-06.42.17:468][ 88]LogModuleManager: Shutting down and abandoning module ProfilerClient (154)
[2016.05.08-06.42.17:468][ 88]LogModuleManager: Shutting down and abandoning module TargetDeviceServices (153)
[2016.05.08-06.42.17:468][ 88]LogModuleManager: Shutting down and abandoning module DeviceManager (152)
[2016.05.08-06.42.17:512][ 88]LogModuleManager: Shutting down and abandoning module AutomationController (151)
[2016.05.08-06.42.17:512][ 88]LogModuleManager: Shutting down and abandoning module AutomationWindow (150)
[2016.05.08-06.42.17:512][ 88]LogModuleManager: Shutting down and abandoning module Layers (149)
[2016.05.08-06.42.17:512][ 88]LogModuleManager: Shutting down and abandoning module ComponentVisualizers (148)
[2016.05.08-06.42.17:512][ 88]LogModuleManager: Shutting down and abandoning module DetailCustomizations (147)
[2016.05.08-06.42.17:512][ 88]LogModuleManager: Shutting down and abandoning module PackagesDialog (146)
[2016.05.08-06.42.17:512][ 88]LogModuleManager: Shutting down and abandoning module Persona (145)
[2016.05.08-06.42.17:512][ 88]LogModuleManager: Shutting down and abandoning module Kismet (144)
[2016.05.08-06.42.17:512][ 88]LogModuleManager: Shutting down and abandoning module GraphEditor (143)
[2016.05.08-06.42.17:512][ 88]LogModuleManager: Shutting down and abandoning module ClassViewer (142)
[2016.05.08-06.42.17:512][ 88]LogModuleManager: Shutting down and abandoning module Toolbox (141)
[2016.05.08-06.42.17:512][ 88]LogModuleManager: Shutting down and abandoning module ModuleUI (140)
[2016.05.08-06.42.17:512][ 88]LogModuleManager: Shutting down and abandoning module MovieSceneTools (139)
[2016.05.08-06.42.17:512][ 88]LogModuleManager: Shutting down and abandoning module OutputLog (138)
[2016.05.08-06.42.17:512][ 88]LogModuleManager: Shutting down and abandoning module GammaUI (137)
[2016.05.08-06.42.17:512][ 88]LogModuleManager: Shutting down and abandoning module Documentation (136)
[2016.05.08-06.42.17:512][ 88]LogModuleManager: Shutting down and abandoning module StreamingPauseRendering (135)
[2016.05.08-06.42.17:512][ 88]LogModuleManager: Shutting down and abandoning module AnalyticsET (134)
[2016.05.08-06.42.17:512][ 88]LogModuleManager: Shutting down and abandoning module Analytics (133)
[2016.05.08-06.42.17:512][ 88]LogModuleManager: Shutting down and abandoning module PortalServices (132)
[2016.05.08-06.42.17:512][ 88]LogModuleManager: Shutting down and abandoning module PortalRpc (131)
[2016.05.08-06.42.17:512][ 88]LogModuleManager: Shutting down and abandoning module MessagingRpc (130)
[2016.05.08-06.42.17:512][ 88]LogModuleManager: Shutting down and abandoning module AITestSuite (129)
[2016.05.08-06.42.17:512][ 88]LogModuleManager: Shutting down and abandoning module GameplayDebugger (128)
[2016.05.08-06.42.17:512][ 88]LogModuleManager: Shutting down and abandoning module AIModule (127)
[2016.05.08-06.42.17:512][ 88]LogModuleManager: Shutting down and abandoning module ProfilerService (126)
[2016.05.08-06.42.17:568][ 88]LogModuleManager: Shutting down and abandoning module TaskGraph (125)
[2016.05.08-06.42.17:568][ 88]LogModuleManager: Shutting down and abandoning module SlateRemote (124)
[2016.05.08-06.42.17:568][ 88]LogModuleManager: Shutting down and abandoning module SteamVRController (123)
[2016.05.08-06.42.17:568][ 88]LogModuleManager: Shutting down and abandoning module SteamVR (122)
[2016.05.08-06.42.17:568][ 88]LogModuleManager: Shutting down and abandoning module ProceduralMeshComponent (121)
[2016.05.08-06.42.17:568][ 88]LogModuleManager: Shutting down and abandoning module OculusLibrary (120)
[2016.05.08-06.42.17:568][ 88]LogModuleManager: Shutting down and abandoning module OculusInput (119)
[2016.05.08-06.42.17:568][ 88]LogModuleManager: Shutting down and abandoning module CustomMeshComponent (118)
[2016.05.08-06.42.17:568][ 88]LogModuleManager: Shutting down and abandoning module CableComponent (117)
[2016.05.08-06.42.17:568][ 88]LogModuleManager: Shutting down and abandoning module ArchVisCharacter (116)
[2016.05.08-06.42.17:568][ 88]LogModuleManager: Shutting down and abandoning module MediaPlayerEditor (115)
[2016.05.08-06.42.17:568][ 88]LogModuleManager: Shutting down and abandoning module HTML5Networking (114)
[2016.05.08-06.42.17:568][ 88]LogModuleManager: Shutting down and abandoning module SpeedTreeImporter (113)
[2016.05.08-06.42.17:568][ 88]LogModuleManager: Shutting down and abandoning module PluginBrowser (112)
[2016.05.08-06.42.17:568][ 88]LogModuleManager: Shutting down and abandoning module EpicSurvey (111)
[2016.05.08-06.42.17:568][ 88]LogModuleManager: Shutting down and abandoning module DesktopPlatform (110)
[2016.05.08-06.42.17:568][ 88]LogModuleManager: Shutting down and abandoning module VisualStudioSourceCodeAccess (109)
[2016.05.08-06.42.17:568][ 88]LogModuleManager: Shutting down and abandoning module UObjectPlugin (108)
[2016.05.08-06.42.17:568][ 88]LogModuleManager: Shutting down and abandoning module SubversionSourceControl (107)
[2016.05.08-06.42.17:568][ 88]LogModuleManager: Shutting down and abandoning module PerforceSourceControl (106)
[2016.05.08-06.42.17:568][ 88]LogModuleManager: Shutting down and abandoning module SourceControl (105)
[2016.05.08-06.42.17:568][ 88]LogModuleManager: Shutting down and abandoning module GitSourceControl (104)
[2016.05.08-06.42.17:568][ 88]LogModuleManager: Shutting down and abandoning module LightPropagationVolumeEditor (103)
[2016.05.08-06.42.17:568][ 88]LogModuleManager: Shutting down and abandoning module PaperTiledImporter (102)
[2016.05.08-06.42.17:568][ 88]LogModuleManager: Shutting down and abandoning module PaperSpriteSheetImporter (101)
[2016.05.08-06.42.17:568][ 88]LogModuleManager: Shutting down and abandoning module MeshPaint (100)
[2016.05.08-06.42.17:568][ 88]LogModuleManager: Shutting down and abandoning module HotReload (99)
[2016.05.08-06.42.17:568][ 88]LogModuleManager: Shutting down and abandoning module MainFrame (98)
[2016.05.08-06.42.17:568][ 88]LogModuleManager: Shutting down and abandoning module LevelEditor (97)
[2016.05.08-06.42.17:569][ 88]LogModuleManager: Shutting down and abandoning module DirectoryWatcher (96)
[2016.05.08-06.42.17:570][ 88]LogModuleManager: Shutting down and abandoning module AssetRegistry (95)
[2016.05.08-06.42.17:714][ 88]LogModuleManager: Shutting down and abandoning module ContentBrowser (94)
[2016.05.08-06.42.17:715][ 88]LogModuleManager: Shutting down and abandoning module Paper2DEditor (93)
[2016.05.08-06.42.17:715][ 88]LogModuleManager: Shutting down and abandoning module UdpMessaging (92)
[2016.05.08-06.42.17:816][ 88]LogModuleManager: Shutting down and abandoning module LightPropagationVolumeRuntime (91)
[2016.05.08-06.42.17:816][ 88]LogModuleManager: Shutting down and abandoning module Paper2D (90)
[2016.05.08-06.42.17:816][ 88]LogModuleManager: Shutting down and abandoning module WindowsMoviePlayer (89)
[2016.05.08-06.42.17:816][ 88]LogModuleManager: Shutting down and abandoning module Media (88)
[2016.05.08-06.42.17:816][ 88]LogModuleManager: Shutting down and abandoning module WmfMedia (87)
[2016.05.08-06.42.17:816][ 88]LogModuleManager: Shutting down and abandoning module MediaAssets (86)
[2016.05.08-06.42.17:816][ 88]LogModuleManager: Shutting down and abandoning module GameLiveStreaming (85)
[2016.05.08-06.42.17:816][ 88]LogModuleManager: Shutting down and abandoning module GameplayTagsEditor (84)
[2016.05.08-06.42.17:816][ 88]LogModuleManager: Shutting down and abandoning module OnlineBlueprintSupport (83)
[2016.05.08-06.42.17:816][ 88]LogModuleManager: Shutting down and abandoning module GameplayTasksEditor (82)
[2016.05.08-06.42.17:816][ 88]LogModuleManager: Shutting down and abandoning module PropertyEditor (81)
[2016.05.08-06.42.17:816][ 88]LogModuleManager: Shutting down and abandoning module BehaviorTreeEditor (80)
[2016.05.08-06.42.17:816][ 88]LogModuleManager: Shutting down and abandoning module FunctionalTesting (79)
[2016.05.08-06.42.17:816][ 88]LogModuleManager: Shutting down and abandoning module CollisionAnalyzer (78)
[2016.05.08-06.42.17:816][ 88]LogModuleManager: Shutting down and abandoning module WorkspaceMenuStructure (77)
[2016.05.08-06.42.17:816][ 88]LogModuleManager: Shutting down and abandoning module MessageLog (76)
[2016.05.08-06.42.17:816][ 88]LogModuleManager: Shutting down and abandoning module Sequencer (75)
[2016.05.08-06.42.17:816][ 88]LogModuleManager: Shutting down and abandoning module AssetTools (74)
[2016.05.08-06.42.17:816][ 88]LogModuleManager: Shutting down and abandoning module UMGEditor (73)
[2016.05.08-06.42.17:816][ 88]LogModuleManager: Shutting down and abandoning module UMG (72)
[2016.05.08-06.42.17:816][ 88]LogModuleManager: Shutting down and abandoning module SlateReflector (71)
[2016.05.08-06.42.17:816][ 88]LogModuleManager: Shutting down and abandoning module Slate (70)
[2016.05.08-06.42.17:816][ 88]LogModuleManager: Shutting down and abandoning module EditorStyle (69)
[2016.05.08-06.42.17:818][ 88]LogModuleManager: Shutting down and abandoning module SessionServices (68)
[2016.05.08-06.42.17:818][ 88]LogModuleManager: Shutting down and abandoning module SourceCodeAccess (67)
[2016.05.08-06.42.17:818][ 88]LogModuleManager: Shutting down and abandoning module HeadMountedDisplay (66)
[2016.05.08-06.42.17:818][ 88]LogModuleManager: Shutting down and abandoning module XAudio2 (65)
[2016.05.08-06.42.17:818][ 88]LogModuleManager: Shutting down and abandoning module Networking (63)
[2016.05.08-06.42.17:818][ 88]LogModuleManager: Shutting down and abandoning module Core (62)
[2016.05.08-06.42.17:818][ 88]LogModuleManager: Shutting down and abandoning module KismetCompiler (61)
[2016.05.08-06.42.17:818][ 88]LogModuleManager: Shutting down and abandoning module PhysXFormats (60)
[2016.05.08-06.42.17:818][ 88]LogModuleManager: Shutting down and abandoning module MeshUtilities (59)
[2016.05.08-06.42.17:818][ 88]LogModuleManager: Shutting down and abandoning module CookingStats (58)
[2016.05.08-06.42.17:818][ 88]LogModuleManager: Shutting down and abandoning module DerivedDataCache (57)
[2016.05.08-06.42.17:818][ 88]LogDerivedDataCache: Shutdown
[2016.05.08-06.42.17:818][ 88]LogModuleManager: Shutting down and abandoning module ShaderFormatOpenGL (56)
[2016.05.08-06.42.17:819][ 88]LogModuleManager: Shutting down and abandoning module ShaderFormatD3D (55)
[2016.05.08-06.42.17:819][ 88]LogModuleManager: Shutting down and abandoning module MetalShaderFormat (54)
[2016.05.08-06.42.17:819][ 88]LogModuleManager: Shutting down and abandoning module TextureFormatUncompressed (53)
[2016.05.08-06.42.17:819][ 88]LogModuleManager: Shutting down and abandoning module TextureFormatPVR (52)
[2016.05.08-06.42.17:819][ 88]LogModuleManager: Shutting down and abandoning module TextureFormatIntelISPCTexComp (51)
[2016.05.08-06.42.17:819][ 88]LogModuleManager: Shutting down and abandoning module TextureFormatDXT (50)
[2016.05.08-06.42.17:819][ 88]LogModuleManager: Shutting down and abandoning module ImageWrapper (49)
[2016.05.08-06.42.17:819][ 88]LogModuleManager: Shutting down and abandoning module TextureFormatASTC (48)
[2016.05.08-06.42.17:819][ 88]LogModuleManager: Shutting down and abandoning module TextureFormatAndroid (47)
[2016.05.08-06.42.17:819][ 88]LogModuleManager: Shutting down and abandoning module AudioFormatOpus (46)
[2016.05.08-06.42.17:819][ 88]LogModuleManager: Shutting down and abandoning module AudioFormatOgg (45)
[2016.05.08-06.42.17:819][ 88]LogModuleManager: Shutting down and abandoning module AudioFormatADPCM (44)
[2016.05.08-06.42.17:819][ 88]LogModuleManager: Shutting down and abandoning module LinuxTargetPlatform (43)
[2016.05.08-06.42.17:819][ 88]LogModuleManager: Shutting down and abandoning module LinuxServerTargetPlatform (42)
[2016.05.08-06.42.17:819][ 88]LogModuleManager: Shutting down and abandoning module LinuxNoEditorTargetPlatform (41)
[2016.05.08-06.42.17:819][ 88]LogModuleManager: Shutting down and abandoning module TVOSTargetPlatform (40)
[2016.05.08-06.42.17:819][ 88]LogModuleManager: Shutting down and abandoning module Messaging (39)
[2016.05.08-06.42.17:819][ 88]LogModuleManager: Shutting down and abandoning module IOSTargetPlatform (38)
[2016.05.08-06.42.17:819][ 88]LogModuleManager: Shutting down and abandoning module HTML5TargetPlatform (37)
[2016.05.08-06.42.17:819][ 88]LogModuleManager: Shutting down and abandoning module Android_PVRTCTargetPlatform (36)
[2016.05.08-06.42.17:819][ 88]LogModuleManager: Shutting down and abandoning module Android_MultiTargetPlatform (35)
[2016.05.08-06.42.17:819][ 88]LogModuleManager: Shutting down and abandoning module Android_ETC2TargetPlatform (34)
[2016.05.08-06.42.17:819][ 88]LogModuleManager: Shutting down and abandoning module Android_ETC1TargetPlatform (33)
[2016.05.08-06.42.17:819][ 88]LogModuleManager: Shutting down and abandoning module Android_DXTTargetPlatform (32)
[2016.05.08-06.42.17:819][ 88]LogModuleManager: Shutting down and abandoning module Android_ATCTargetPlatform (31)
[2016.05.08-06.42.17:819][ 88]LogModuleManager: Shutting down and abandoning module Android_ASTCTargetPlatform (30)
[2016.05.08-06.42.17:819][ 88]LogModuleManager: Shutting down and abandoning module AndroidTargetPlatform (29)
[2016.05.08-06.42.17:819][ 88]LogModuleManager: Shutting down and abandoning module WindowsTargetPlatform (28)
[2016.05.08-06.42.17:819][ 88]LogModuleManager: Shutting down and abandoning module WindowsServerTargetPlatform (27)
[2016.05.08-06.42.17:819][ 88]LogModuleManager: Shutting down and abandoning module WindowsNoEditorTargetPlatform (26)
[2016.05.08-06.42.17:819][ 88]LogModuleManager: Shutting down and abandoning module WindowsClientTargetPlatform (25)
[2016.05.08-06.42.17:819][ 88]LogModuleManager: Shutting down and abandoning module AllDesktopTargetPlatform (24)
[2016.05.08-06.42.17:819][ 88]LogModuleManager: Shutting down and abandoning module TargetPlatform (23)
[2016.05.08-06.42.17:819][ 88]LogModuleManager: Shutting down and abandoning module InputCore (22)
[2016.05.08-06.42.17:819][ 88]LogModuleManager: Shutting down and abandoning module Settings (21)
[2016.05.08-06.42.17:819][ 88]LogModuleManager: Shutting down and abandoning module OnlineSubsystem (19)
[2016.05.08-06.42.17:819][ 88]LogModuleManager: Shutting down and abandoning module HTTP (18)
[2016.05.08-06.42.18:821][ 88]LogModuleManager: Shutting down and abandoning module XMPP (17)
[2016.05.08-06.42.18:821][ 88]LogModuleManager: Shutting down and abandoning module OculusRift (16)
[2016.05.08-06.42.18:822][ 88]LogHMD: Oculus shutdown.
[2016.05.08-06.42.18:822][ 88]LogModuleManager: Shutting down and abandoning module ExampleDeviceProfileSelector (15)
[2016.05.08-06.42.18:822][ 88]LogModuleManager: Shutting down and abandoning module TextureCompressor (14)
[2016.05.08-06.42.18:825][ 88]LogModuleManager: Shutting down and abandoning module ShaderCore (13)
[2016.05.08-06.42.18:825][ 88]LogModuleManager: Shutting down and abandoning module Landscape (12)
[2016.05.08-06.42.18:825][ 88]LogModuleManager: Shutting down and abandoning module SlateRHIRenderer (11)
[2016.05.08-06.42.18:826][ 88]LogModuleManager: Shutting down and abandoning module OpenGLDrv (10)
[2016.05.08-06.42.18:826][ 88]LogModuleManager: Shutting down and abandoning module D3D11RHI (9)
[2016.05.08-06.42.18:826][ 88]LogModuleManager: Shutting down and abandoning module AnimGraphRuntime (8)
[2016.05.08-06.42.18:826][ 88]LogModuleManager: Shutting down and abandoning module Renderer (7)
[2016.05.08-06.42.18:826][ 88]LogModuleManager: Shutting down and abandoning module Engine (6)
[2016.05.08-06.42.18:826][ 88]LogModuleManager: Shutting down and abandoning module CoreUObject (5)
[2016.05.08-06.42.18:826][ 88]LogModuleManager: Shutting down and abandoning module NetworkFile (4)
[2016.05.08-06.42.18:826][ 88]LogModuleManager: Shutting down and abandoning module StreamingFile (3)
[2016.05.08-06.42.18:826][ 88]LogModuleManager: Shutting down and abandoning module SandboxFile (2)
[2016.05.08-06.42.18:826][ 88]LogModuleManager: Shutting down and abandoning module PakFile (1)
[2016.05.08-06.42.18:828][ 88]LogExit: Exiting.
[2016.05.08-06.42.18:838][ 88]Log file closed, 05/07/16 23:42:18
