Log file open, 05/08/16 00:03:46
LogInit:Display: Running engine for game: ProjectWhiteRabbit
LogPlatformFile: Not using cached read wrapper
LogInit:Display: RandInit(688899523) SRandInit(688899525).
LogTaskGraph: Started task graph with 4 named threads and 7 total threads.
LogStats: Stats thread started at 0.070895
OCULUS: Info: [CAPI] LibOVR module is located at C:\Program Files\Oculus\Support\oculus-runtime\LibOVRRT64_1.dll
LogInit: Version: 4.11.2-2946394+++UE4+Release-4.11
LogInit: API Version: 2927265
LogInit: Compiled (64-bit): Apr 18 2016 02:18:46
LogInit: Compiled with Visual C++: 19.00.23026.00
LogInit: Build Configuration: Development
LogInit: Branch Name: ++UE4+Release-4.11
LogInit: Command line:  
LogInit: Base directory: C:/Program Files/Unreal Engine/4.11/Engine/Binaries/Win64/
LogInit: Installed Engine Build: 1
LogInit: Using libcurl 7.41.0
LogInit:  - built for x86_64-pc-win32
LogInit:  - supports SSL with WinSSL
LogInit:  - other features:
LogInit:      CURL_VERSION_SSL
LogInit:      CURL_VERSION_IPV6
LogInit:      CURL_VERSION_ASYNCHDNS
LogInit:      CURL_VERSION_LARGEFILE
LogInit:      CURL_VERSION_IDN
LogInit:  CurlRequestOptions (configurable via config and command line):
LogInit:  - bVerifyPeer = true  - Libcurl will verify peer certificate
LogInit:  - bUseHttpProxy = false  - Libcurl will NOT use HTTP proxy
LogInit:  - bDontReuseConnections = false  - Libcurl will reuse connections
LogInit:  - CertBundlePath = nullptr  - Libcurl will use whatever was configured at build time.
LogInit: Presizing for max 16777216 objects, including 0 objects not considered by GC, pre-allocating 0 bytes for permanent pool.
LogInit: Object subsystem initialized
[2016.05.08-07.03.46:954][  0]LogConsoleManager:Display: Setting the console variable 'r.SeparateTranslucency' with 'SetByProjectSetting' was ignored as it is lower priority than the previous 'SetBySystemSettingsIni'
[2016.05.08-07.03.46:959][  0]LogConsoleManager:Display: Setting the console variable 'r.ScreenPercentage' with 'SetByScalability' was ignored as it is lower priority than the previous 'SetBySystemSettingsIni'
[2016.05.08-07.03.46:959][  0]LogConsoleManager:Display: Setting the console variable 'r.PostProcessAAQuality' with 'SetByScalability' was ignored as it is lower priority than the previous 'SetBySystemSettingsIni'
[2016.05.08-07.03.46:959][  0]LogConsoleManager:Display: Setting the console variable 'sg.PostProcessQuality' with 'SetByScalability' was ignored as it is lower priority than the previous 'SetBySystemSettingsIni'
[2016.05.08-07.03.46:959][  0]LogConsoleManager:Display: Setting the console variable 'r.MaxAnisotropy' with 'SetByScalability' was ignored as it is lower priority than the previous 'SetBySystemSettingsIni'
[2016.05.08-07.03.46:959][  0]LogConsoleManager:Display: Setting the console variable 'sg.EffectsQuality' with 'SetByScalability' was ignored as it is lower priority than the previous 'SetBySystemSettingsIni'
[2016.05.08-07.03.46:959][  0]LogInit: Selected Device Profile: [Windows]
[2016.05.08-07.03.46:959][  0]LogInit: Applying CVar settings loaded from the selected device profile: [Windows]
[2016.05.08-07.03.46:969][  0]LogInit: Computer: CYBERPAL
[2016.05.08-07.03.46:969][  0]LogInit: User: space000
[2016.05.08-07.03.46:969][  0]LogInit: CPU Page size=65536, Cores=4
[2016.05.08-07.03.46:969][  0]LogInit: High frequency timer resolution =3.316028 MHz
[2016.05.08-07.03.46:969][  0]LogMemory: Memory total: Physical=24.0GB (24GB approx)
[2016.05.08-07.03.46:969][  0]LogMemory: Platform Memory Stats for Windows
[2016.05.08-07.03.46:969][  0]LogMemory: Process Physical Memory: 315.31 MB used, 315.31 MB peak
[2016.05.08-07.03.46:969][  0]LogMemory: Process Virtual Memory: 317.38 MB used, 317.38 MB peak
[2016.05.08-07.03.46:969][  0]LogMemory: Physical Memory: 8475.64 MB used, 24536.94 MB total
[2016.05.08-07.03.46:969][  0]LogMemory: Virtual Memory: 676.09 MB used, 134217728.00 MB total
[2016.05.08-07.03.46:998][  0]LogTextLocalizationManager: No specific translations for ('en-US') exist, so ('en') translations will be used.
[2016.05.08-07.03.47:358][  0]LogD3D11RHI: D3D11 adapters:
[2016.05.08-07.03.47:381][  0]LogD3D11RHI:    0. 'NVIDIA GeForce GTX 980 Ti' (Feature Level 11_0)
[2016.05.08-07.03.47:381][  0]LogD3D11RHI:       5999MB of dedicated video memory, 0MB of dedicated system memory, and 12268MB of shared system memory, 2 output[s]
[2016.05.08-07.03.47:382][  0]LogD3D11RHI:    1. 'Microsoft Basic Render Driver' (Feature Level 11_0)
[2016.05.08-07.03.47:382][  0]LogD3D11RHI:       0MB of dedicated video memory, 0MB of dedicated system memory, and 256MB of shared system memory, 0 output[s]
[2016.05.08-07.03.47:382][  0]LogD3D11RHI: Chosen D3D11 Adapter: 0
[2016.05.08-07.03.47:388][  0]LogD3D11RHI: Creating new Direct3DDevice
[2016.05.08-07.03.47:388][  0]LogD3D11RHI:     Adapter Name: NVIDIA GeForce GTX 980 Ti
[2016.05.08-07.03.47:388][  0]LogD3D11RHI:   Driver Version: Unknown (internal Unknown)
[2016.05.08-07.03.47:388][  0]LogD3D11RHI:      Driver Date: Unknown
[2016.05.08-07.03.47:388][  0]LogRHI: Texture pool is 1361 MB (70% of 1945 MB)
[2016.05.08-07.03.47:400][  0]LogD3D11RHI: Async texture creation enabled
[2016.05.08-07.03.47:416][  0]LogShaderCompilers: Guid format shader working directory is 6 characters bigger than the processId version (../../../../../../GitHub/ProjectWhiteRabbit/Intermediate/Shaders/WorkingDirectory/6872/).
[2016.05.08-07.03.47:416][  0]LogShaderCompilers: Cleaned the shader compiler working directory 'C:/Users/SPACE_~1/AppData/Local/Temp/UnrealShaderWorkingDir/0397F29E4EB8C21FFC4D83AD76C4CF59/'.
[2016.05.08-07.03.47:416][  0]LogShaderCompilers:Display: Using Local Shader Compiler.
[2016.05.08-07.03.48:317][  0]LogTemp:Display: Loaded TP AllDesktopTargetPlatform
[2016.05.08-07.03.48:321][  0]LogTemp:Display: Loaded TP WindowsClientTargetPlatform
[2016.05.08-07.03.48:325][  0]LogTemp:Display: Loaded TP WindowsNoEditorTargetPlatform
[2016.05.08-07.03.48:329][  0]LogTemp:Display: Loaded TP WindowsServerTargetPlatform
[2016.05.08-07.03.48:332][  0]LogTemp:Display: Loaded TP WindowsTargetPlatform
[2016.05.08-07.03.48:335][  0]LogTemp:Display: Loaded TP AndroidTargetPlatform
[2016.05.08-07.03.48:338][  0]LogTemp:Display: Loaded TP Android_ASTCTargetPlatform
[2016.05.08-07.03.48:340][  0]LogTemp:Display: Loaded TP Android_ATCTargetPlatform
[2016.05.08-07.03.48:343][  0]LogTemp:Display: Loaded TP Android_DXTTargetPlatform
[2016.05.08-07.03.48:345][  0]LogTemp:Display: Loaded TP Android_ETC1TargetPlatform
[2016.05.08-07.03.48:348][  0]LogTemp:Display: Loaded TP Android_ETC2TargetPlatform
[2016.05.08-07.03.48:356][  0]LogTemp:Display: Loaded TP Android_MultiTargetPlatform
[2016.05.08-07.03.48:356][  0]LogTemp:Display: Loaded TP Android_PVRTCTargetPlatform
[2016.05.08-07.03.48:356][  0]LogTemp:Display: Loaded TP HTML5TargetPlatform
[2016.05.08-07.03.48:372][  0]LogTemp:Display: Loaded TP IOSTargetPlatform
[2016.05.08-07.03.48:374][  0]LogTemp:Display: Loaded TP TVOSTargetPlatform
[2016.05.08-07.03.48:377][  0]LogTemp:Display: Loaded TP LinuxNoEditorTargetPlatform
[2016.05.08-07.03.48:379][  0]LogTemp:Display: Loaded TP LinuxServerTargetPlatform
[2016.05.08-07.03.48:382][  0]LogTemp:Display: Loaded TP LinuxTargetPlatform
[2016.05.08-07.03.48:382][  0]LogTargetPlatformManager:Display: Building Assets For Windows
[2016.05.08-07.03.48:437][  0]LogDerivedDataCache:Display: Max Cache Size: 512 MB
[2016.05.08-07.03.48:483][  0]LogDerivedDataCache: Loaded boot cache 0.05s 50MB C:/Users/space_000/AppData/Local/UnrealEngine/4.11/DerivedDataCache/Boot.ddc.
[2016.05.08-07.03.48:483][  0]LogDerivedDataCache:Display: Loaded Boot cache: C:/Users/space_000/AppData/Local/UnrealEngine/4.11/DerivedDataCache/Boot.ddc
[2016.05.08-07.03.48:483][  0]LogDerivedDataCache: FDerivedDataBackendGraph:  Pak pak cache file ../../../../../../GitHub/ProjectWhiteRabbit/DerivedDataCache/DDC.ddp not found, will not use a pak cache.
[2016.05.08-07.03.48:483][  0]LogDerivedDataCache: Unable to find inner node Pak for hierarchical cache Hierarchy.
[2016.05.08-07.03.48:483][  0]LogDerivedDataCache: FDerivedDataBackendGraph:  CompressedPak pak cache file ../../../../../../GitHub/ProjectWhiteRabbit/DerivedDataCache/Compressed.ddp not found, will not use a pak cache.
[2016.05.08-07.03.48:483][  0]LogDerivedDataCache: Unable to find inner node CompressedPak for hierarchical cache Hierarchy.
[2016.05.08-07.03.48:499][  0]LogDerivedDataCache:Display: Pak cache opened for reading ../../../Engine/DerivedDataCache/Compressed.ddp.
[2016.05.08-07.03.48:512][  0]LogDerivedDataCache: Using Local data cache path C:/Users/space_000/AppData/Local/UnrealEngine/Common/DerivedDataCache: Writable
[2016.05.08-07.03.49:140][  0]LogInit: Selected Device Profile: [Windows]
[2016.05.08-07.03.49:141][  0]LogContentStreaming: Texture pool size is 0.00 MB
[2016.05.08-07.03.49:190][  0]LogMaterial: Uniform references updated for custom material expression Custom.
[2016.05.08-07.03.49:255][  0]LogMaterial: Missing cached shader map for material WorldGridMaterial, compiling. Is special engine material.
[2016.05.08-07.06.58:000][  0]OCULUS: Info: [HMDState] Requested to SetForegroundWindow(220c28ll)
[2016.05.08-07.06.58:000][  0]LogMaterial: Missing cached shader map for material DefaultDeferredDecalMaterial, compiling. 
[2016.05.08-07.07.02:491][  0]LogMaterial: Missing cached shader map for material DefaultLightFunctionMaterial, compiling. 
[2016.05.08-07.07.03:432][  0]LogMaterial: Missing cached shader map for material DefaultPostProcessMaterial, compiling. 
[2016.05.08-07.07.04:162][  0]LogMaterial: Missing cached shader map for material Widget3DPassThrough, compiling. 
[2016.05.08-07.07.04:171][  0]LogMaterial: Missing cached shader map for material Widget3DPassThrough, compiling. 
[2016.05.08-07.07.04:177][  0]LogMaterial: Missing cached shader map for material Widget3DPassThrough, compiling. 
[2016.05.08-07.07.04:182][  0]LogMaterial: Missing cached shader map for material Widget3DPassThrough, compiling. 
[2016.05.08-07.07.04:203][  0]LogMaterial: Missing cached shader map for material Widget3DPassThrough, compiling. 
[2016.05.08-07.07.04:216][  0]LogMaterial: Missing cached shader map for material Widget3DPassThrough, compiling. 
[2016.05.08-07.07.04:258][  0]LogMeshUtilities: No automatic mesh reduction module available
[2016.05.08-07.07.04:258][  0]LogMeshUtilities: No automatic mesh merging module available
[2016.05.08-07.07.04:258][  0]LogMeshUtilities: No distributed automatic mesh merging module available
[2016.05.08-07.07.04:303][  0]LogMaterial: Missing cached shader map for material SkySphereMaterial, compiling. 
[2016.05.08-07.07.04:319][  0]LogMaterial: Missing cached shader map for material FloorPlaneMaterial, compiling. 
[2016.05.08-07.07.04:427][  0]LogMaterial: Missing cached shader map for material LandscapeGizmo_Mat, compiling. 
[2016.05.08-07.07.04:451][  0]LogMaterial: Missing cached shader map for material LandscapeGizmoHeight_Mat, compiling. 
[2016.05.08-07.07.04:486][  0]LogMaterial: Missing cached shader map for material SplineEditorMeshMat, compiling. 
[2016.05.08-07.07.04:502][  0]LogMaterial: Missing cached shader map for material MatineeCam_mat, compiling. 
[2016.05.08-07.07.04:531][  0]LogMaterial: Missing cached shader map for material HelpActorMaterial, compiling. 
[2016.05.08-07.07.04:611][  0]LogMaterial: Missing cached shader map for material DefaultTextMaterialOpaque, compiling. 
[2016.05.08-07.07.04:688][  0]LogMaterial: Missing cached shader map for material DefaultMaterial, compiling. 
[2016.05.08-07.07.04:745][  0]LogUObjectArray: 27679 objects as part of root set at end of initial load.
[2016.05.08-07.07.04:745][  0]LogUObjectAllocator: 5591592 out of 0 bytes used by permanent object pool.
[2016.05.08-07.07.04:745][  0]LogUObjectArray: CloseDisregardForGC: 0/0 objects in disregard for GC pool
[2016.05.08-07.07.04:754][  0]LogInit: WinSock: version 1.1 (2.2), MaxSocks=32767, MaxUdp=65467
[2016.05.08-07.07.04:876][  0]LogSlate: SlateFontCache - WITH_FREETYPE: 1, WITH_HARFBUZZ: 1
[2016.05.08-07.07.04:876][  0]LogSlate: SlateFontCache - WITH_FREETYPE: 1, WITH_HARFBUZZ: 1
[2016.05.08-07.07.04:995][  0]LogStreaming:Warning: Failed to read file '../../../Engine/Content/Editor/Slate/Common/Selection_16x.png' error.
[2016.05.08-07.07.04:995][  0]LogSlate: Could not find file for Slate resource: ../../../Engine/Content/Editor/Slate/Common/Selection_16x.png
[2016.05.08-07.07.04:995][  0]LogStreaming:Warning: Failed to read file '../../../Engine/Content/Editor/Slate/Common/Selection_16x.png' error.
[2016.05.08-07.07.04:995][  0]LogSlate: Could not find file for Slate resource: ../../../Engine/Content/Editor/Slate/Common/Selection_16x.png
[2016.05.08-07.07.04:995][  0]LogStreaming:Warning: Failed to read file '../../../Engine/Content/Editor/Slate/Common/Selection_16x.png' error.
[2016.05.08-07.07.04:996][  0]LogSlate: Could not find file for Slate resource: ../../../Engine/Content/Editor/Slate/Common/Selection_16x.png
[2016.05.08-07.07.05:660][  0]LogMaterial: Missing cached shader map for material DefaultSpriteMaterial, compiling. 
[2016.05.08-07.07.05:672][  0]LogMaterial: Missing cached shader map for material DefaultSpriteMaterial, compiling. 
[2016.05.08-07.07.05:699][  0]LogUdpMessaging: Initializing bridge on interface 0.0.0.0:0 to multicast group 230.0.0.1:6666.
[2016.05.08-07.07.05:811][  0]LogAssetRegistry: FAssetRegistry took 0.0225 seconds to start up
[2016.05.08-07.07.05:863][  0]LogMaterial: Missing cached shader map for material BaseColor, compiling. 
[2016.05.08-07.07.05:871][  0]LogMaterial: Missing cached shader map for material CustomDepth, compiling. 
[2016.05.08-07.07.05:887][  0]LogMaterial: Missing cached shader map for material CustomStencil, compiling. 
[2016.05.08-07.07.05:895][  0]LogMaterial: Missing cached shader map for material FinalImage, compiling. 
[2016.05.08-07.07.05:903][  0]LogMaterial: Missing cached shader map for material LightingModel, compiling. 
[2016.05.08-07.07.05:910][  0]LogMaterial: Missing cached shader map for material MaterialAO, compiling. 
[2016.05.08-07.07.05:917][  0]LogMaterial: Missing cached shader map for material Metallic, compiling. 
[2016.05.08-07.07.05:924][  0]LogMaterial: Missing cached shader map for material Opacity, compiling. 
[2016.05.08-07.07.05:931][  0]LogMaterial: Missing cached shader map for material Roughness, compiling. 
[2016.05.08-07.07.05:939][  0]LogMaterial: Missing cached shader map for material SceneColor, compiling. 
[2016.05.08-07.07.05:948][  0]LogMaterial: Missing cached shader map for material SceneDepth, compiling. 
[2016.05.08-07.07.05:970][  0]LogMaterial: Missing cached shader map for material SeparateTranslucencyRGB, compiling. 
[2016.05.08-07.07.05:978][  0]LogMaterial: Missing cached shader map for material SeparateTranslucencyA, compiling. 
[2016.05.08-07.07.05:987][  0]LogMaterial: Missing cached shader map for material Specular, compiling. 
[2016.05.08-07.07.05:994][  0]LogMaterial: Missing cached shader map for material SubsurfaceColor, compiling. 
[2016.05.08-07.07.06:001][  0]LogMaterial: Missing cached shader map for material WorldNormal, compiling. 
[2016.05.08-07.07.06:009][  0]LogMaterial: Missing cached shader map for material AmbientOcclusion, compiling. 
[2016.05.08-07.07.06:022][  0]LogMaterial: Missing cached shader map for material CustomDepthWorldUnits, compiling. 
[2016.05.08-07.07.06:030][  0]LogMaterial: Missing cached shader map for material SceneDepthWorldUnits, compiling. 
[2016.05.08-07.07.06:038][  0]LogMaterial: Missing cached shader map for material HDRColor, compiling. 
[2016.05.08-07.07.06:106][  0]SourceControl: Info Source control is disabled
[2016.05.08-07.07.06:141][  0]SourceControl: Info Source control is disabled
[2016.05.08-07.07.06:150][  0]SourceControl: Info Source control is disabled
[2016.05.08-07.07.06:159][  0]SourceControl: Info Source control is disabled
[2016.05.08-07.07.06:511][  0]LogHMD: Failed to initialize OpenVR with code 108
[2016.05.08-07.07.06:567][  0]LogMaterial: Missing cached shader map for material HighResScreenshot, compiling. 
[2016.05.08-07.07.06:577][  0]LogMaterial: Missing cached shader map for material HighResScreenshotMask, compiling. 
[2016.05.08-07.07.06:593][  0]LogMaterial: Missing cached shader map for material HighResScreenshotCaptureRegion, compiling. 
[2016.05.08-07.07.06:630][  0]LogEngine: Initializing Engine...
[2016.05.08-07.07.06:630][  0]LogHMD: Oculus plugin initialized. Version: 4.11.2-2946394+++UE4+Release-4.11, LibOVR: 1.3.2, SDK: 1.3.0, built Apr 18 2016, 02:19:44
[2016.05.08-07.07.06:636][  0]LogMaterial: Missing cached shader map for material WireframeMaterial, compiling. Is special engine material.
[2016.05.08-07.07.06:745][  0]LogMaterial: Missing cached shader map for material LevelColorationLitMaterial, compiling. Is special engine material.
[2016.05.08-07.07.07:032][  0]LogMaterial: Missing cached shader map for material LevelColorationUnlitMaterial, compiling. Is special engine material.
[2016.05.08-07.07.07:132][  0]LogMaterial: Missing cached shader map for material MAT_LevelColorationLitLightmapUV, compiling. Is special engine material.
[2016.05.08-07.07.07:414][  0]LogMaterial: Missing cached shader map for material ShadedLevelColorationLitMaterial, compiling. Is special engine material.
[2016.05.08-07.07.07:689][  0]LogMaterial: Missing cached shader map for material ShadedLevelColorationUnlitMateri, compiling. Is special engine material.
[2016.05.08-07.07.07:787][  0]LogMaterial: Missing cached shader map for material VertexColorMaterial, compiling. 
[2016.05.08-07.07.07:826][  0]LogMaterial: Missing cached shader map for material VertexColorViewMode_ColorOnly, compiling. 
[2016.05.08-07.07.07:848][  0]LogMaterial: Missing cached shader map for material VertexColorViewMode_AlphaAsColor, compiling. 
[2016.05.08-07.07.07:857][  0]LogMaterial: Missing cached shader map for material VertexColorViewMode_RedOnly, compiling. 
[2016.05.08-07.07.07:866][  0]LogMaterial: Missing cached shader map for material VertexColorViewMode_GreenOnly, compiling. 
[2016.05.08-07.07.07:875][  0]LogMaterial: Missing cached shader map for material VertexColorViewMode_BlueOnly, compiling. 
[2016.05.08-07.07.07:884][  0]LogMaterial: Missing cached shader map for material RemoveSurfaceMaterial, compiling. 
[2016.05.08-07.07.07:891][  0]LogMaterial: Missing cached shader map for material DebugMeshMaterial, compiling. 
[2016.05.08-07.07.07:902][  0]LogMaterial: Missing cached shader map for material M_InvalidLightmapSettings, compiling. 
[2016.05.08-07.07.07:918][  0]LogMaterial: Missing cached shader map for material GizmoMaterial, compiling. 
[2016.05.08-07.07.07:941][  0]LogMaterial: Missing cached shader map for material GeomMaterial, compiling. 
[2016.05.08-07.07.07:960][  0]LogMaterial: Missing cached shader map for material EditorBrushMaterial, compiling. 
[2016.05.08-07.07.07:972][  0]LogMaterial: Missing cached shader map for material BoneWeightMaterial, compiling. 
[2016.05.08-07.07.08:024][  0]LogMaterial: Missing cached shader map for material PreviewShadowIndicatorMaterial, compiling. 
[2016.05.08-07.07.08:036][  0]LogMaterial: Missing cached shader map for material PhAT_JointLimitMaterial, compiling. 
[2016.05.08-07.07.08:064][  0]LogAIModule: Creating AISystem for world NewWorld
[2016.05.08-07.07.08:072][  0]LogInit: XAudio2 using 'S27B550-0 (2- NVIDIA High Definition Audio)' : 2 channels at 48 kHz using 16 bits per sample (channel mask 0x3)
[2016.05.08-07.07.08:078][  0]LogInit: FAudioDevice initialized.
[2016.05.08-07.07.08:112][  0]LogDerivedDataCache: Saved boot cache 0.03s 55MB C:/Users/space_000/AppData/Local/UnrealEngine/4.11/DerivedDataCache/Boot.ddc.
[2016.05.08-07.07.08:121][  0]LogInit: Texture streaming: Enabled
[2016.05.08-07.07.08:154][  0]LogInit: Transaction tracking system initialized
[2016.05.08-07.07.08:185][  0]BlueprintLog: New page: Editor Load
[2016.05.08-07.07.08:283][  0]LocalizationService: Info Localization service is disabled
[2016.05.08-07.07.08:369][  0]LogConsoleResponse:Display: 
[2016.05.08-07.07.08:377][  0]LogMaterial: Missing cached shader map for material Cross_Mat, compiling. 
[2016.05.08-07.07.08:404][  0]LogMaterial: Missing cached shader map for material PhAT_BoneSelectedMaterial, compiling. 
[2016.05.08-07.07.08:412][  0]LogMaterial: Missing cached shader map for material PhAT_ElemSelectedMaterial, compiling. 
[2016.05.08-07.07.08:421][  0]LogMaterial: Missing cached shader map for material PhAT_NoCollisionMaterial, compiling. 
[2016.05.08-07.07.08:429][  0]LogMaterial: Missing cached shader map for material PhAT_UnselectedMaterial, compiling. 
[2016.05.08-07.07.08:438][  0]LogMaterial: Missing cached shader map for material Tick_Mat, compiling. 
[2016.05.08-07.07.08:453][  0]LogMaterial: Missing cached shader map for material WidgetGridVertexColorMaterial_Ma, compiling. 
[2016.05.08-07.07.08:462][  0]LogMaterial: Missing cached shader map for material WidgetMaterial, compiling. 
[2016.05.08-07.07.08:471][  0]LogMaterial: Missing cached shader map for material WidgetMaterial_Current, compiling. 
[2016.05.08-07.07.08:481][  0]LogMaterial: Missing cached shader map for material WidgetMaterial_X, compiling. 
[2016.05.08-07.07.08:490][  0]LogMaterial: Missing cached shader map for material WidgetMaterial_Y, compiling. 
[2016.05.08-07.07.08:499][  0]LogMaterial: Missing cached shader map for material WidgetMaterial_Z, compiling. 
[2016.05.08-07.07.08:509][  0]LogMaterial: Missing cached shader map for material WidgetVertexColorMaterial, compiling. 
[2016.05.08-07.07.08:543][  0]LogMaterial: Missing cached shader map for material LevelGridMaterial, compiling. 
[2016.05.08-07.07.08:590][  0]LogMaterial: Missing cached shader map for material BlinkingCaret, compiling. 
[2016.05.08-07.07.08:613][  0]LogMaterial: Missing cached shader map for material M_StreamingPause, compiling. 
[2016.05.08-07.07.08:632][  0]LogCook:Display: Max memory allowance for cook 8192mb
[2016.05.08-07.07.08:632][  0]LogFileCache: Scanning file cache for directory 'C:/GitHub/ProjectWhiteRabbit/Content/' took 0.01s
[2016.05.08-07.07.08:632][  0]LogCook:Display: Mobile HDR setting 0
[2016.05.08-07.07.08:632][  0]LogCook:Display: Done creating registry. It took  0.00s.
[2016.05.08-07.07.08:692][  0]SourceControl: Info Source control is disabled
[2016.05.08-07.07.08:692][  0]Cmd: MAP LOAD FILE="../../../Engine/Content/Maps/Templates/Template_Default.umap" TEMPLATE=1 SHOWPROGRESS=1 FEATURELEVEL=3
[2016.05.08-07.07.08:692][  0]LightingResults: New page: Lighting Build
[2016.05.08-07.07.08:696][  0]MapCheck: New page: Map Check
[2016.05.08-07.07.08:696][  0]LightingResults: New page: Lighting Build
[2016.05.08-07.07.08:968][  0]LogMaterial: Missing cached shader map for material M_Sky_Panning_Clouds2, compiling. 
[2016.05.08-07.07.09:109][  0]LogAIModule: Creating AISystem for world Untitled_1
[2016.05.08-07.07.09:250][  0]LogEditorServer: Finished looking for orphan Actors (0.000 secs)
[2016.05.08-07.07.09:257][  0]Cmd: MAP CHECKDEP NOCLEARLOG
[2016.05.08-07.07.09:306][  0]MapCheck: Info Map check complete: 0 Error(s), 0 Warning(s), took 49.208ms to complete.
[2016.05.08-07.07.09:307][  0]LogFileHelpers: Loading map 'Template_Default' took 0.615
[2016.05.08-07.07.09:460][  0]LogCollectionManager: Loaded 0 collections in 0.002172 seconds
[2016.05.08-07.07.09:507][  0]LogFileCache: Scanning file cache for directory 'C:/GitHub/ProjectWhiteRabbit/Saved/Collections/' took 0.01s
[2016.05.08-07.07.09:507][  0]LogFileCache: Scanning file cache for directory 'C:/GitHub/ProjectWhiteRabbit/Content/Developers/space000/Collections/' took 0.01s
[2016.05.08-07.07.09:507][  0]LogFileCache: Scanning file cache for directory 'C:/GitHub/ProjectWhiteRabbit/Content/Collections/' took 0.01s
[2016.05.08-07.07.09:507][  0]LogCollectionManager: Rebuilt the GUID cache for 0 collections in 0.000004 seconds
[2016.05.08-07.07.09:521][  0]LogContentBrowser: Native class hierarchy populated in 0.0133 seconds. Added 1979 classes and 343 folders.
[2016.05.08-07.07.09:525][  0]LogStats: UGameplayTagsManager::ConstructGameplayTagTree: Construct from data asset -  0.000 s
[2016.05.08-07.07.09:525][  0]LogStats: UGameplayTagsManager::ConstructGameplayTagTree: GameplayTagTreeChangedEvent.Broadcast -  0.000 s
[2016.05.08-07.07.09:526][  0]LogContentBrowser: Native class hierarchy updated for 'GameplayTags' in 0.0006 seconds. Added 12 classes and 0 folders.
[2016.05.08-07.07.09:533][  0]LogContentBrowser: Native class hierarchy updated for 'WidgetCarousel' in 0.0006 seconds. Added 0 classes and 0 folders.
[2016.05.08-07.07.09:540][  0]LogContentBrowser: Native class hierarchy updated for 'SuperSearch' in 0.0005 seconds. Added 1 classes and 2 folders.
[2016.05.08-07.07.09:586][  0]LogContentBrowser: Native class hierarchy updated for 'AddContentDialog' in 0.0005 seconds. Added 0 classes and 0 folders.
[2016.05.08-07.07.09:591][  0]LogContentBrowser: Native class hierarchy updated for 'SceneOutliner' in 0.0005 seconds. Added 1 classes and 2 folders.
[2016.05.08-07.07.09:602][  0]LogContentBrowser: Native class hierarchy updated for 'WorldBrowser' in 0.0006 seconds. Added 1 classes and 3 folders.
[2016.05.08-07.07.09:637][  0]LogCrashTracker: Crashtracker disabled due to settings.
[2016.05.08-07.07.09:669][  0]LogUObjectGlobals:Warning: Failed to find object 'Class None.'
[2016.05.08-07.07.09:696][  0]LogContentBrowser: Native class hierarchy updated for 'HierarchicalLODOutliner' in 0.0003 seconds. Added 1 classes and 2 folders.
[2016.05.08-07.07.09:696][  0]LogLoad: Full Startup: 203.90 seconds (BP compile: 0.06 seconds)
[2016.05.08-07.07.09:696][  0]LogExternalProfiler: Found external profiler: VSPerf
[2016.05.08-07.07.09:696][  0]LogExternalProfiler: Using external profiler: VSPerf
[2016.05.08-07.07.10:036][  0]LogOcInput: OculusInput pre-init called
[2016.05.08-07.07.10:048][  0]LogOcInput: OculusInput is initialized. Init status 0. Runtime version: 1.3.2
[2016.05.08-07.07.10:098][  0]LogContentStreaming: Texture pool size now 1000 MB
[2016.05.08-07.07.10:217][  0]LogMaterial: Missing cached shader map for material LevelGridMaterial2, compiling. 
[2016.05.08-07.07.10:328][  0]LogRenderer: Reallocating scene render targets to support 1116x536 (Frame:2).
[2016.05.08-07.07.10:419][  1]LogAssetRegistry: Asset discovery search completed in 4.6314 seconds
[2016.05.08-07.07.10:419][  1]LogCollectionManager: Rebuilt the object cache for 0 collections in 0.000002 seconds (found 0 objects)
[2016.05.08-07.07.10:419][  1]LogCollectionManager: Fixed up redirectors for 0 collections in 0.000044 seconds (updated 0 objects)
[2016.05.08-07.09.14:367][142]LogActorFactory: Actor Factory created Cube
[2016.05.08-07.09.14:372][142]LogMaterial: Missing cached shader map for material BasicShapeMaterial, compiling. 
[2016.05.08-07.09.15:107][188]LogActorFactory: Actor Factory created Cube
[2016.05.08-07.09.18:570][513]Cmd: DELETE
[2016.05.08-07.09.18:570][513]Cmd: ACTOR DELETE
[2016.05.08-07.09.18:570][513]LogEditorActor: Deleted Actor: StaticMeshActor
[2016.05.08-07.09.18:593][513]LogEditorActor: Deleted 1 Actors (0.023 secs)
[2016.05.08-07.09.30:388][785]Cmd: TRANSACTION UNDO
[2016.05.08-07.09.30:388][785]LogEditorTransaction: Undo Clicking on Actors
[2016.05.08-07.09.30:784][809]Cmd: TRANSACTION UNDO
[2016.05.08-07.09.30:784][809]LogEditorTransaction: Undo Set Actor Visibility
[2016.05.08-07.10.05:997][598]Cmd: OBJ SAVEPACKAGE PACKAGE="/Game/Maps/Persistent_Level" FILE="../../../../../../GitHub/ProjectWhiteRabbit/Content/Maps/Persistent_Level.umap" SILENT=true AUTOSAVING=false KEEPDIRTY=false
[2016.05.08-07.10.06:059][598]LogSavePackage: Save=37.57ms
[2016.05.08-07.10.06:059][598]LogSavePackage: Moving '../../../../../../GitHub/ProjectWhiteRabbit/Saved/Persistent_LevelEDB2501348B0AC96D3E1C5B34D6325AF.tmp' to '../../../../../../GitHub/ProjectWhiteRabbit/Content/Maps/Persistent_Level.umap'
[2016.05.08-07.10.06:083][598]LogSavePackage: Total save time: 68.75ms
[2016.05.08-07.10.06:083][598]LogSavePackage:Display: Finished SavePackage ../../../../../../GitHub/ProjectWhiteRabbit/Content/Maps/Persistent_Level.umap
[2016.05.08-07.10.06:148][598]LogFileHelpers: Saving map 'Persistent_Level' took 0.342
[2016.05.08-07.25.59:955][686]LogSavePackage: Save=25.74ms
[2016.05.08-07.25.59:955][686]LogSavePackage: Moving '../../../../../../GitHub/ProjectWhiteRabbit/Saved/Persistent_Level_Auto181501EB446FBCD4849348AB42B3D7D0B.tmp' to '../../../../../../GitHub/ProjectWhiteRabbit/Saved/Autosaves/Game/Maps/Persistent_Level_Auto1.umap'
[2016.05.08-07.25.59:955][686]LogSavePackage: Total save time: 30.69ms
[2016.05.08-07.25.59:955][686]LogSavePackage:Display: Finished SavePackage ../../../../../../GitHub/ProjectWhiteRabbit/Saved/Autosaves/Game/Maps/Persistent_Level_Auto1.umap
[2016.05.08-07.25.59:957][686]LogFileHelpers: Editor autosave (incl. sublevels) for '/Game/Maps/Persistent_Level' took 0.045
[2016.05.08-07.25.59:971][686]LogFileHelpers: Editor autosave (incl. sublevels) for all levels took 0.045
[2016.05.08-07.26.56:593][ 88]LogContentBrowser: Native class hierarchy updated for 'BlueprintGraph' in 0.0012 seconds. Added 108 classes and 0 folders.
[2016.05.08-07.27.40:391][ 85]LogEditorViewport: Clicking on Actor (LMB): StaticMeshActor (Floor)
[2016.05.08-07.27.42:211][285]Cmd: OBJ SAVEPACKAGE PACKAGE="/Game/Maps/Persistent_Level" FILE="../../../../../../GitHub/ProjectWhiteRabbit/Content/Maps/Persistent_Level.umap" SILENT=true AUTOSAVING=false KEEPDIRTY=false
[2016.05.08-07.27.42:303][285]LogSavePackage: Save=74.38ms
[2016.05.08-07.27.42:303][285]LogSavePackage: Moving '../../../../../../GitHub/ProjectWhiteRabbit/Saved/Persistent_Level3590E2164C8FD53EB35FF293555FD0EF.tmp' to '../../../../../../GitHub/ProjectWhiteRabbit/Content/Maps/Persistent_Level.umap'
[2016.05.08-07.27.42:305][285]LogSavePackage: Total save time: 77.75ms
[2016.05.08-07.27.42:305][285]LogSavePackage:Display: Finished SavePackage ../../../../../../GitHub/ProjectWhiteRabbit/Content/Maps/Persistent_Level.umap
[2016.05.08-07.27.42:326][285]LogFileHelpers: Saving map 'Persistent_Level' took 0.156
[2016.05.08-07.27.48:046][954]LogWindowsTextInputMethodSystem:Display: IME system now deactivated.
[2016.05.08-07.27.48:046][954]LogWindowsTextInputMethodSystem:Display: IME system now deactivated.
[2016.05.08-07.27.48:284][955]Cmd: QUIT_EDITOR
[2016.05.08-07.27.48:402][955]LogExit: Preparing to exit.
[2016.05.08-07.27.48:964][955]LogExit: Editor shut down
[2016.05.08-07.27.48:964][955]LogExit: Transaction tracking system shut down
[2016.05.08-07.27.49:122][955]LogObj: Freed 0b from 0 cluster array pools.
[2016.05.08-07.27.49:122][955]LogExit: Object subsystem successfully closed.
[2016.05.08-07.27.49:141][955]LogD3D11RHI: Shutdown
[2016.05.08-07.27.49:141][955]LogD3D11RHI: CleanupD3DDevice
[2016.05.08-07.27.49:177][955]LogD3D11RHI: ~FD3D11DynamicRHI
[2016.05.08-07.27.49:249][955]LogDerivedDataCache: Shutdown
[2016.05.08-07.27.49:249][955]LogModuleManager: Shutting down and abandoning module BlueprintGraph (207)
[2016.05.08-07.27.49:249][955]LogModuleManager: Shutting down and abandoning module HierarchicalLODOutliner (206)
[2016.05.08-07.27.49:249][955]LogModuleManager: Shutting down and abandoning module ExternalImagePicker (205)
[2016.05.08-07.27.49:249][955]LogModuleManager: Shutting down and abandoning module CrashTracker (204)
[2016.05.08-07.27.49:249][955]LogModuleManager: Shutting down and abandoning module WorldBrowser (203)
[2016.05.08-07.27.49:250][955]LogModuleManager: Shutting down and abandoning module SceneOutliner (202)
[2016.05.08-07.27.49:250][955]LogModuleManager: Shutting down and abandoning module SuperSearch (201)
[2016.05.08-07.27.49:250][955]LogModuleManager: Shutting down and abandoning module WidgetCarousel (200)
[2016.05.08-07.27.49:250][955]LogModuleManager: Shutting down and abandoning module AddContentDialog (199)
[2016.05.08-07.27.49:250][955]LogModuleManager: Shutting down and abandoning module GameplayTags (198)
[2016.05.08-07.27.49:251][955]LogModuleManager: Shutting down and abandoning module EditorWidgets (197)
[2016.05.08-07.27.49:251][955]LogModuleManager: Shutting down and abandoning module CollectionManager (196)
[2016.05.08-07.27.49:251][955]LogModuleManager: Shutting down and abandoning module StatsViewer (195)
[2016.05.08-07.27.49:251][955]LogModuleManager: Shutting down and abandoning module FoliageEdit (194)
[2016.05.08-07.27.49:251][955]LogModuleManager: Shutting down and abandoning module LandscapeEditor (193)
[2016.05.08-07.27.49:251][955]LogModuleManager: Shutting down and abandoning module ActorPickerMode (192)
[2016.05.08-07.27.49:251][955]LogModuleManager: Shutting down and abandoning module GeometryMode (191)
[2016.05.08-07.27.49:251][955]LogModuleManager: Shutting down and abandoning module TextureAlignMode (190)
[2016.05.08-07.27.49:251][955]LogModuleManager: Shutting down and abandoning module BspMode (189)
[2016.05.08-07.27.49:251][955]LogModuleManager: Shutting down and abandoning module PlacementMode (188)
[2016.05.08-07.27.49:251][955]LogModuleManager: Shutting down and abandoning module AutomationWorker (187)
[2016.05.08-07.27.49:251][955]LogModuleManager: Shutting down and abandoning module CharacterAI (186)
[2016.05.08-07.27.49:251][955]LogModuleManager: Shutting down and abandoning module SmartSnapping (185)
[2016.05.08-07.27.49:251][955]LogModuleManager: Shutting down and abandoning module ViewportSnapping (184)
[2016.05.08-07.27.49:251][955]LogModuleManager: Shutting down and abandoning module LogVisualizer (183)
[2016.05.08-07.27.49:251][955]LogModuleManager: Shutting down and abandoning module GameProjectGeneration (182)
[2016.05.08-07.27.49:251][955]LogModuleManager: Shutting down and abandoning module IntroTutorials (181)
[2016.05.08-07.27.49:251][955]LogModuleManager: Shutting down and abandoning module EditorLiveStreaming (180)
[2016.05.08-07.27.49:251][955]LogModuleManager: Shutting down and abandoning module IOSPlatformEditor (179)
[2016.05.08-07.27.49:251][955]LogModuleManager: Shutting down and abandoning module HTML5PlatformEditor (178)
[2016.05.08-07.27.49:251][955]LogModuleManager: Shutting down and abandoning module AndroidDeviceDetection (177)
[2016.05.08-07.27.49:480][955]LogModuleManager: Shutting down and abandoning module AndroidPlatformEditor (176)
[2016.05.08-07.27.49:480][955]LogModuleManager: Shutting down and abandoning module IOSRuntimeSettings (175)
[2016.05.08-07.27.49:480][955]LogModuleManager: Shutting down and abandoning module AndroidRuntimeSettings (174)
[2016.05.08-07.27.49:480][955]LogModuleManager: Shutting down and abandoning module MergeActors (173)
[2016.05.08-07.27.49:480][955]LogModuleManager: Shutting down and abandoning module SizeMap (172)
[2016.05.08-07.27.49:480][955]LogModuleManager: Shutting down and abandoning module TreeMap (171)
[2016.05.08-07.27.49:480][955]LogModuleManager: Shutting down and abandoning module ReferenceViewer (170)
[2016.05.08-07.27.49:480][955]LogModuleManager: Shutting down and abandoning module LocalizationService (169)
[2016.05.08-07.27.49:481][955]LogModuleManager: Shutting down and abandoning module LocalizationDashboard (168)
[2016.05.08-07.27.49:481][955]LogModuleManager: Shutting down and abandoning module HardwareTargeting (167)
[2016.05.08-07.27.49:481][955]LogModuleManager: Shutting down and abandoning module DeviceProfileEditor (166)
[2016.05.08-07.27.49:481][955]LogModuleManager: Shutting down and abandoning module UndoHistory (165)
[2016.05.08-07.27.49:481][955]LogModuleManager: Shutting down and abandoning module UserFeedback (164)
[2016.05.08-07.27.49:481][955]LogModuleManager: Shutting down and abandoning module XmlParser (163)
[2016.05.08-07.27.49:481][955]LogModuleManager: Shutting down and abandoning module Blutility (162)
[2016.05.08-07.27.49:481][955]LogModuleManager: Shutting down and abandoning module ProjectTargetPlatformEditor (161)
[2016.05.08-07.27.49:481][955]LogModuleManager: Shutting down and abandoning module ProjectSettingsViewer (160)
[2016.05.08-07.27.49:481][955]LogModuleManager: Shutting down and abandoning module InputBindingEditor (159)
[2016.05.08-07.27.49:481][955]LogModuleManager: Shutting down and abandoning module EditorSettingsViewer (158)
[2016.05.08-07.27.49:481][955]LogModuleManager: Shutting down and abandoning module SettingsEditor (157)
[2016.05.08-07.27.49:481][955]LogModuleManager: Shutting down and abandoning module ProjectLauncher (156)
[2016.05.08-07.27.49:481][955]LogModuleManager: Shutting down and abandoning module SessionFrontend (155)
[2016.05.08-07.27.49:481][955]LogModuleManager: Shutting down and abandoning module ProfilerClient (154)
[2016.05.08-07.27.49:481][955]LogModuleManager: Shutting down and abandoning module TargetDeviceServices (153)
[2016.05.08-07.27.49:481][955]LogModuleManager: Shutting down and abandoning module DeviceManager (152)
[2016.05.08-07.27.49:525][955]LogModuleManager: Shutting down and abandoning module AutomationController (151)
[2016.05.08-07.27.49:525][955]LogModuleManager: Shutting down and abandoning module AutomationWindow (150)
[2016.05.08-07.27.49:525][955]LogModuleManager: Shutting down and abandoning module Layers (149)
[2016.05.08-07.27.49:525][955]LogModuleManager: Shutting down and abandoning module ComponentVisualizers (148)
[2016.05.08-07.27.49:525][955]LogModuleManager: Shutting down and abandoning module DetailCustomizations (147)
[2016.05.08-07.27.49:525][955]LogModuleManager: Shutting down and abandoning module PackagesDialog (146)
[2016.05.08-07.27.49:525][955]LogModuleManager: Shutting down and abandoning module Persona (145)
[2016.05.08-07.27.49:525][955]LogModuleManager: Shutting down and abandoning module Kismet (144)
[2016.05.08-07.27.49:525][955]LogModuleManager: Shutting down and abandoning module GraphEditor (143)
[2016.05.08-07.27.49:525][955]LogModuleManager: Shutting down and abandoning module ClassViewer (142)
[2016.05.08-07.27.49:525][955]LogModuleManager: Shutting down and abandoning module Toolbox (141)
[2016.05.08-07.27.49:525][955]LogModuleManager: Shutting down and abandoning module ModuleUI (140)
[2016.05.08-07.27.49:525][955]LogModuleManager: Shutting down and abandoning module MovieSceneTools (139)
[2016.05.08-07.27.49:525][955]LogModuleManager: Shutting down and abandoning module OutputLog (138)
[2016.05.08-07.27.49:525][955]LogModuleManager: Shutting down and abandoning module GammaUI (137)
[2016.05.08-07.27.49:525][955]LogModuleManager: Shutting down and abandoning module Documentation (136)
[2016.05.08-07.27.49:525][955]LogModuleManager: Shutting down and abandoning module StreamingPauseRendering (135)
[2016.05.08-07.27.49:525][955]LogModuleManager: Shutting down and abandoning module AnalyticsET (134)
[2016.05.08-07.27.49:525][955]LogModuleManager: Shutting down and abandoning module Analytics (133)
[2016.05.08-07.27.49:525][955]LogModuleManager: Shutting down and abandoning module PortalServices (132)
[2016.05.08-07.27.49:525][955]LogModuleManager: Shutting down and abandoning module PortalRpc (131)
[2016.05.08-07.27.49:525][955]LogModuleManager: Shutting down and abandoning module MessagingRpc (130)
[2016.05.08-07.27.49:525][955]LogModuleManager: Shutting down and abandoning module AITestSuite (129)
[2016.05.08-07.27.49:525][955]LogModuleManager: Shutting down and abandoning module GameplayDebugger (128)
[2016.05.08-07.27.49:525][955]LogModuleManager: Shutting down and abandoning module AIModule (127)
[2016.05.08-07.27.49:525][955]LogModuleManager: Shutting down and abandoning module ProfilerService (126)
[2016.05.08-07.27.49:757][955]LogModuleManager: Shutting down and abandoning module TaskGraph (125)
[2016.05.08-07.27.49:757][955]LogModuleManager: Shutting down and abandoning module SlateRemote (124)
[2016.05.08-07.27.49:757][955]LogModuleManager: Shutting down and abandoning module SteamVRController (123)
[2016.05.08-07.27.49:757][955]LogModuleManager: Shutting down and abandoning module SteamVR (122)
[2016.05.08-07.27.49:757][955]LogModuleManager: Shutting down and abandoning module ProceduralMeshComponent (121)
[2016.05.08-07.27.49:757][955]LogModuleManager: Shutting down and abandoning module OculusLibrary (120)
[2016.05.08-07.27.49:757][955]LogModuleManager: Shutting down and abandoning module OculusInput (119)
[2016.05.08-07.27.49:757][955]LogModuleManager: Shutting down and abandoning module CustomMeshComponent (118)
[2016.05.08-07.27.49:757][955]LogModuleManager: Shutting down and abandoning module CableComponent (117)
[2016.05.08-07.27.49:757][955]LogModuleManager: Shutting down and abandoning module ArchVisCharacter (116)
[2016.05.08-07.27.49:757][955]LogModuleManager: Shutting down and abandoning module MediaPlayerEditor (115)
[2016.05.08-07.27.49:757][955]LogModuleManager: Shutting down and abandoning module HTML5Networking (114)
[2016.05.08-07.27.49:757][955]LogModuleManager: Shutting down and abandoning module SpeedTreeImporter (113)
[2016.05.08-07.27.49:757][955]LogModuleManager: Shutting down and abandoning module PluginBrowser (112)
[2016.05.08-07.27.49:757][955]LogModuleManager: Shutting down and abandoning module EpicSurvey (111)
[2016.05.08-07.27.49:757][955]LogModuleManager: Shutting down and abandoning module DesktopPlatform (110)
[2016.05.08-07.27.49:757][955]LogModuleManager: Shutting down and abandoning module VisualStudioSourceCodeAccess (109)
[2016.05.08-07.27.49:757][955]LogModuleManager: Shutting down and abandoning module UObjectPlugin (108)
[2016.05.08-07.27.49:757][955]LogModuleManager: Shutting down and abandoning module SubversionSourceControl (107)
[2016.05.08-07.27.49:757][955]LogModuleManager: Shutting down and abandoning module PerforceSourceControl (106)
[2016.05.08-07.27.49:757][955]LogModuleManager: Shutting down and abandoning module SourceControl (105)
[2016.05.08-07.27.49:757][955]LogModuleManager: Shutting down and abandoning module GitSourceControl (104)
[2016.05.08-07.27.49:757][955]LogModuleManager: Shutting down and abandoning module LightPropagationVolumeEditor (103)
[2016.05.08-07.27.49:758][955]LogModuleManager: Shutting down and abandoning module PaperTiledImporter (102)
[2016.05.08-07.27.49:758][955]LogModuleManager: Shutting down and abandoning module PaperSpriteSheetImporter (101)
[2016.05.08-07.27.49:758][955]LogModuleManager: Shutting down and abandoning module MeshPaint (100)
[2016.05.08-07.27.49:758][955]LogModuleManager: Shutting down and abandoning module HotReload (99)
[2016.05.08-07.27.49:758][955]LogModuleManager: Shutting down and abandoning module MainFrame (98)
[2016.05.08-07.27.49:758][955]LogModuleManager: Shutting down and abandoning module LevelEditor (97)
[2016.05.08-07.27.49:759][955]LogModuleManager: Shutting down and abandoning module DirectoryWatcher (96)
[2016.05.08-07.27.49:759][955]LogModuleManager: Shutting down and abandoning module AssetRegistry (95)
[2016.05.08-07.27.49:882][955]LogModuleManager: Shutting down and abandoning module ContentBrowser (94)
[2016.05.08-07.27.49:882][955]LogModuleManager: Shutting down and abandoning module Paper2DEditor (93)
[2016.05.08-07.27.49:882][955]LogModuleManager: Shutting down and abandoning module UdpMessaging (92)
[2016.05.08-07.27.49:984][955]LogModuleManager: Shutting down and abandoning module LightPropagationVolumeRuntime (91)
[2016.05.08-07.27.49:984][955]LogModuleManager: Shutting down and abandoning module Paper2D (90)
[2016.05.08-07.27.49:984][955]LogModuleManager: Shutting down and abandoning module WindowsMoviePlayer (89)
[2016.05.08-07.27.49:984][955]LogModuleManager: Shutting down and abandoning module Media (88)
[2016.05.08-07.27.49:984][955]LogModuleManager: Shutting down and abandoning module WmfMedia (87)
[2016.05.08-07.27.49:984][955]LogModuleManager: Shutting down and abandoning module MediaAssets (86)
[2016.05.08-07.27.49:984][955]LogModuleManager: Shutting down and abandoning module GameLiveStreaming (85)
[2016.05.08-07.27.49:984][955]LogModuleManager: Shutting down and abandoning module GameplayTagsEditor (84)
[2016.05.08-07.27.49:984][955]LogModuleManager: Shutting down and abandoning module OnlineBlueprintSupport (83)
[2016.05.08-07.27.49:984][955]LogModuleManager: Shutting down and abandoning module GameplayTasksEditor (82)
[2016.05.08-07.27.49:984][955]LogModuleManager: Shutting down and abandoning module PropertyEditor (81)
[2016.05.08-07.27.49:984][955]LogModuleManager: Shutting down and abandoning module BehaviorTreeEditor (80)
[2016.05.08-07.27.49:984][955]LogModuleManager: Shutting down and abandoning module FunctionalTesting (79)
[2016.05.08-07.27.49:984][955]LogModuleManager: Shutting down and abandoning module CollisionAnalyzer (78)
[2016.05.08-07.27.49:984][955]LogModuleManager: Shutting down and abandoning module WorkspaceMenuStructure (77)
[2016.05.08-07.27.49:984][955]LogModuleManager: Shutting down and abandoning module MessageLog (76)
[2016.05.08-07.27.49:984][955]LogModuleManager: Shutting down and abandoning module Sequencer (75)
[2016.05.08-07.27.49:984][955]LogModuleManager: Shutting down and abandoning module AssetTools (74)
[2016.05.08-07.27.49:984][955]LogModuleManager: Shutting down and abandoning module UMGEditor (73)
[2016.05.08-07.27.49:984][955]LogModuleManager: Shutting down and abandoning module UMG (72)
[2016.05.08-07.27.49:984][955]LogModuleManager: Shutting down and abandoning module SlateReflector (71)
[2016.05.08-07.27.49:984][955]LogModuleManager: Shutting down and abandoning module Slate (70)
[2016.05.08-07.27.49:984][955]LogModuleManager: Shutting down and abandoning module EditorStyle (69)
[2016.05.08-07.27.49:986][955]LogModuleManager: Shutting down and abandoning module SessionServices (68)
[2016.05.08-07.27.49:986][955]LogModuleManager: Shutting down and abandoning module SourceCodeAccess (67)
[2016.05.08-07.27.49:986][955]LogModuleManager: Shutting down and abandoning module HeadMountedDisplay (66)
[2016.05.08-07.27.49:986][955]LogModuleManager: Shutting down and abandoning module XAudio2 (65)
[2016.05.08-07.27.49:986][955]LogModuleManager: Shutting down and abandoning module Networking (63)
[2016.05.08-07.27.49:986][955]LogModuleManager: Shutting down and abandoning module Core (62)
[2016.05.08-07.27.49:986][955]LogModuleManager: Shutting down and abandoning module KismetCompiler (61)
[2016.05.08-07.27.49:986][955]LogModuleManager: Shutting down and abandoning module PhysXFormats (60)
[2016.05.08-07.27.49:986][955]LogModuleManager: Shutting down and abandoning module MeshUtilities (59)
[2016.05.08-07.27.49:986][955]LogModuleManager: Shutting down and abandoning module CookingStats (58)
[2016.05.08-07.27.49:986][955]LogModuleManager: Shutting down and abandoning module DerivedDataCache (57)
[2016.05.08-07.27.49:986][955]LogDerivedDataCache: Shutdown
[2016.05.08-07.27.49:986][955]LogModuleManager: Shutting down and abandoning module ShaderFormatOpenGL (56)
[2016.05.08-07.27.49:986][955]LogModuleManager: Shutting down and abandoning module ShaderFormatD3D (55)
[2016.05.08-07.27.49:986][955]LogModuleManager: Shutting down and abandoning module MetalShaderFormat (54)
[2016.05.08-07.27.49:986][955]LogModuleManager: Shutting down and abandoning module TextureFormatUncompressed (53)
[2016.05.08-07.27.49:986][955]LogModuleManager: Shutting down and abandoning module TextureFormatPVR (52)
[2016.05.08-07.27.49:987][955]LogModuleManager: Shutting down and abandoning module TextureFormatIntelISPCTexComp (51)
[2016.05.08-07.27.49:987][955]LogModuleManager: Shutting down and abandoning module TextureFormatDXT (50)
[2016.05.08-07.27.49:987][955]LogModuleManager: Shutting down and abandoning module ImageWrapper (49)
[2016.05.08-07.27.49:987][955]LogModuleManager: Shutting down and abandoning module TextureFormatASTC (48)
[2016.05.08-07.27.49:987][955]LogModuleManager: Shutting down and abandoning module TextureFormatAndroid (47)
[2016.05.08-07.27.49:987][955]LogModuleManager: Shutting down and abandoning module AudioFormatOpus (46)
[2016.05.08-07.27.49:987][955]LogModuleManager: Shutting down and abandoning module AudioFormatOgg (45)
[2016.05.08-07.27.49:987][955]LogModuleManager: Shutting down and abandoning module AudioFormatADPCM (44)
[2016.05.08-07.27.49:987][955]LogModuleManager: Shutting down and abandoning module LinuxTargetPlatform (43)
[2016.05.08-07.27.49:987][955]LogModuleManager: Shutting down and abandoning module LinuxServerTargetPlatform (42)
[2016.05.08-07.27.49:987][955]LogModuleManager: Shutting down and abandoning module LinuxNoEditorTargetPlatform (41)
[2016.05.08-07.27.49:987][955]LogModuleManager: Shutting down and abandoning module TVOSTargetPlatform (40)
[2016.05.08-07.27.49:987][955]LogModuleManager: Shutting down and abandoning module Messaging (39)
[2016.05.08-07.27.49:987][955]LogModuleManager: Shutting down and abandoning module IOSTargetPlatform (38)
[2016.05.08-07.27.49:987][955]LogModuleManager: Shutting down and abandoning module HTML5TargetPlatform (37)
[2016.05.08-07.27.49:987][955]LogModuleManager: Shutting down and abandoning module Android_PVRTCTargetPlatform (36)
[2016.05.08-07.27.49:987][955]LogModuleManager: Shutting down and abandoning module Android_MultiTargetPlatform (35)
[2016.05.08-07.27.49:987][955]LogModuleManager: Shutting down and abandoning module Android_ETC2TargetPlatform (34)
[2016.05.08-07.27.49:987][955]LogModuleManager: Shutting down and abandoning module Android_ETC1TargetPlatform (33)
[2016.05.08-07.27.49:987][955]LogModuleManager: Shutting down and abandoning module Android_DXTTargetPlatform (32)
[2016.05.08-07.27.49:987][955]LogModuleManager: Shutting down and abandoning module Android_ATCTargetPlatform (31)
[2016.05.08-07.27.49:987][955]LogModuleManager: Shutting down and abandoning module Android_ASTCTargetPlatform (30)
[2016.05.08-07.27.49:987][955]LogModuleManager: Shutting down and abandoning module AndroidTargetPlatform (29)
[2016.05.08-07.27.49:987][955]LogModuleManager: Shutting down and abandoning module WindowsTargetPlatform (28)
[2016.05.08-07.27.49:987][955]LogModuleManager: Shutting down and abandoning module WindowsServerTargetPlatform (27)
[2016.05.08-07.27.49:987][955]LogModuleManager: Shutting down and abandoning module WindowsNoEditorTargetPlatform (26)
[2016.05.08-07.27.49:987][955]LogModuleManager: Shutting down and abandoning module WindowsClientTargetPlatform (25)
[2016.05.08-07.27.49:987][955]LogModuleManager: Shutting down and abandoning module AllDesktopTargetPlatform (24)
[2016.05.08-07.27.49:987][955]LogModuleManager: Shutting down and abandoning module TargetPlatform (23)
[2016.05.08-07.27.49:987][955]LogModuleManager: Shutting down and abandoning module InputCore (22)
[2016.05.08-07.27.49:987][955]LogModuleManager: Shutting down and abandoning module Settings (21)
[2016.05.08-07.27.49:987][955]LogModuleManager: Shutting down and abandoning module OnlineSubsystem (19)
[2016.05.08-07.27.49:987][955]LogModuleManager: Shutting down and abandoning module HTTP (18)
[2016.05.08-07.27.51:989][955]LogModuleManager: Shutting down and abandoning module XMPP (17)
[2016.05.08-07.27.51:989][955]LogModuleManager: Shutting down and abandoning module OculusRift (16)
[2016.05.08-07.27.51:990][955]LogHMD: Oculus shutdown.
[2016.05.08-07.27.51:990][955]LogModuleManager: Shutting down and abandoning module ExampleDeviceProfileSelector (15)
[2016.05.08-07.27.51:990][955]LogModuleManager: Shutting down and abandoning module TextureCompressor (14)
[2016.05.08-07.27.51:993][955]LogModuleManager: Shutting down and abandoning module ShaderCore (13)
[2016.05.08-07.27.51:993][955]LogModuleManager: Shutting down and abandoning module Landscape (12)
[2016.05.08-07.27.51:993][955]LogModuleManager: Shutting down and abandoning module SlateRHIRenderer (11)
[2016.05.08-07.27.51:994][955]LogModuleManager: Shutting down and abandoning module OpenGLDrv (10)
[2016.05.08-07.27.51:994][955]LogModuleManager: Shutting down and abandoning module D3D11RHI (9)
[2016.05.08-07.27.51:994][955]LogModuleManager: Shutting down and abandoning module AnimGraphRuntime (8)
[2016.05.08-07.27.51:994][955]LogModuleManager: Shutting down and abandoning module Renderer (7)
[2016.05.08-07.27.51:994][955]LogModuleManager: Shutting down and abandoning module Engine (6)
[2016.05.08-07.27.51:994][955]LogModuleManager: Shutting down and abandoning module CoreUObject (5)
[2016.05.08-07.27.51:994][955]LogModuleManager: Shutting down and abandoning module NetworkFile (4)
[2016.05.08-07.27.51:994][955]LogModuleManager: Shutting down and abandoning module StreamingFile (3)
[2016.05.08-07.27.51:994][955]LogModuleManager: Shutting down and abandoning module SandboxFile (2)
[2016.05.08-07.27.51:994][955]LogModuleManager: Shutting down and abandoning module PakFile (1)
[2016.05.08-07.27.51:996][955]LogExit: Exiting.
[2016.05.08-07.27.52:006][955]Log file closed, 05/08/16 00:27:52
